{
  "stats": {
    "suites": 3,
    "tests": 16,
    "passes": 11,
    "pending": 0,
    "failures": 5,
    "start": "2023-08-22T23:17:28.678Z",
    "end": "2023-08-22T23:18:40.858Z",
    "duration": 72180,
    "testsRegistered": 16,
    "passPercent": 68.75,
    "pendingPercent": 0,
    "other": 0,
    "hasOther": false,
    "skipped": 0,
    "hasSkipped": false
  },
  "results": [
    {
      "uuid": "a5a9ca66-83a3-4696-91b1-f580463d6a4c",
      "title": "",
      "fullFile": "cypress/e2e/16-18.footer.cy.js",
      "file": "cypress/e2e/16-18.footer.cy.js",
      "beforeHooks": [],
      "afterHooks": [],
      "tests": [],
      "suites": [
        {
          "uuid": "1fc5e634-0d39-423e-b90f-29a8f5e9e285",
          "title": "16 - Implemente o menu inferior posicionando-o de forma fixa e contendo 2 ícones: um para comidas e outro para bebidas",
          "fullFile": "",
          "file": "",
          "beforeHooks": [],
          "afterHooks": [],
          "tests": [
            {
              "title": "O menu inferior existe e contém os ícones corretos",
              "fullTitle": "16 - Implemente o menu inferior posicionando-o de forma fixa e contendo 2 ícones: um para comidas e outro para bebidas O menu inferior existe e contém os ícones corretos",
              "timedOut": null,
              "duration": 1630,
              "state": "passed",
              "speed": "fast",
              "pass": true,
              "fail": false,
              "pending": false,
              "context": null,
              "code": "cy.visit('http://localhost:3000/meals');\ncy.get('[data-testid=\"footer\"]');\ncy.get('[data-testid=\"drinks-bottom-btn\"]').should('have.attr', 'src').should('include', 'drinkIcon');\ncy.get('[data-testid=\"meals-bottom-btn\"]').should('have.attr', 'src').should('include', 'mealIcon');",
              "err": {},
              "uuid": "e07a8a3b-f4f3-451e-92ae-8a5bc8be6c37",
              "parentUUID": "1fc5e634-0d39-423e-b90f-29a8f5e9e285",
              "isHook": false,
              "skipped": false
            },
            {
              "title": "O menu inferior deve ficar fixado sempre ao final da página",
              "fullTitle": "16 - Implemente o menu inferior posicionando-o de forma fixa e contendo 2 ícones: um para comidas e outro para bebidas O menu inferior deve ficar fixado sempre ao final da página",
              "timedOut": null,
              "duration": 707,
              "state": "passed",
              "speed": "fast",
              "pass": true,
              "fail": false,
              "pending": false,
              "context": null,
              "code": "cy.visit('http://localhost:3000/meals');\ncy.get('[data-testid=\"footer\"]').should('have.css', 'position', 'fixed');\ncy.get('[data-testid=\"footer\"]').should('have.css', 'bottom', '0px');",
              "err": {},
              "uuid": "681cac4e-a3ad-4267-a290-e24d3032ad4d",
              "parentUUID": "1fc5e634-0d39-423e-b90f-29a8f5e9e285",
              "isHook": false,
              "skipped": false
            },
            {
              "title": "Verifica a cobertura de 45% do Componente Footer",
              "fullTitle": "16 - Implemente o menu inferior posicionando-o de forma fixa e contendo 2 ícones: um para comidas e outro para bebidas Verifica a cobertura de 45% do Componente Footer",
              "timedOut": null,
              "duration": 10779,
              "state": "failed",
              "speed": null,
              "pass": false,
              "fail": true,
              "pending": false,
              "context": null,
              "code": "cy.getCoverage().its('Footer.functions.pct', {\n  timeout: 0\n}).should('be.gte', 45.00);\ncy.getCoverage().its('Footer.branches.pct', {\n  timeout: 0\n}).should('be.gte', 45.00);",
              "err": {
                "message": "CypressError: `cy.task('getCoverage')` failed with the following error:\n\n> Command failed: npm run cy-coverage ./src\nstderr | src/tests/App.test.tsx > Farewell, front-end\nError: Uncaught [Error: useRoutes() may be used only in the context of a <Router> component.]\n    at reportException (/home/marcelo/trybe/Projetos/projetos/frontend/sd-032-a-project-recipes-app-ts/node_modules/jsdom/lib/jsdom/living/helpers/runtime-script-errors.js:66:24)\n    at innerInvokeEventListeners (/home/marcelo/trybe/Projetos/projetos/frontend/sd-032-a-project-recipes-app-ts/node_modules/jsdom/lib/jsdom/living/events/EventTarget-impl.js:353:9)\n    at invokeEventListeners (/home/marcelo/trybe/Projetos/projetos/frontend/sd-032-a-project-recipes-app-ts/node_modules/jsdom/lib/jsdom/living/events/EventTarget-impl.js:286:3)\n    at HTMLUnknownElementImpl._dispatch (/home/marcelo/trybe/Projetos/projetos/frontend/sd-032-a-project-recipes-app-ts/node_modules/jsdom/lib/jsdom/living/events/EventTarget-impl.js:233:9)\n    at HTMLUnknownElementImpl.dispatchEvent (/home/marcelo/trybe/Projetos/projetos/frontend/sd-032-a-project-recipes-app-ts/node_modules/jsdom/lib/jsdom/living/events/EventTarget-impl.js:104:17)\n    at HTMLUnknownElement.dispatchEvent (/home/marcelo/trybe/Projetos/projetos/frontend/sd-032-a-project-recipes-app-ts/node_modules/jsdom/lib/jsdom/living/generated/EventTarget.js:241:34)\n    at Object.invokeGuardedCallbackDev (/home/marcelo/trybe/Projetos/projetos/frontend/sd-032-a-project-recipes-app-ts/node_modules/react-dom/cjs/react-dom.development.js:4213:16)\n    at invokeGuardedCallback (/home/marcelo/trybe/Projetos/projetos/frontend/sd-032-a-project-recipes-app-ts/node_modules/react-dom/cjs/react-dom.development.js:4277:31)\n    at beginWork$1 (/home/marcelo/trybe/Projetos/projetos/frontend/sd-032-a-project-recipes-app-ts/node_modules/react-dom/cjs/react-dom.development.js:27451:7)\n    at performUnitOfWork (/home/marcelo/trybe/Projetos/projetos/frontend/sd-032-a-project-recipes-app-ts/node_modules/react-dom/cjs/react-dom.development.js:26560:12) Error: useRoutes() may be used only in the context of a <Router> component.\n    at Object.invariant [as UNSAFE_invariant] (/home/marcelo/trybe/Projetos/projetos/frontend/sd-032-a-project-recipes-app-ts/node_modules/@remix-run/router/history.ts:480:11)\n    at useRoutesImpl (/home/marcelo/trybe/Projetos/projetos/frontend/sd-032-a-project-recipes-app-ts/node_modules/react-router/lib/hooks.tsx:350:3)\n    at useRoutes (/home/marcelo/trybe/Projetos/projetos/frontend/sd-032-a-project-recipes-app-ts/node_modules/react-router/lib/hooks.tsx:341:10)\n    at Routes (/home/marcelo/trybe/Projetos/projetos/frontend/sd-032-a-project-recipes-app-ts/node_modules/react-router/lib/components.tsx:463:10)\n    at renderWithHooks (/home/marcelo/trybe/Projetos/projetos/frontend/sd-032-a-project-recipes-app-ts/node_modules/react-dom/cjs/react-dom.development.js:16305:18)\n    at mountIndeterminateComponent (/home/marcelo/trybe/Projetos/projetos/frontend/sd-032-a-project-recipes-app-ts/node_modules/react-dom/cjs/react-dom.development.js:20074:13)\n    at beginWork (/home/marcelo/trybe/Projetos/projetos/frontend/sd-032-a-project-recipes-app-ts/node_modules/react-dom/cjs/react-dom.development.js:21587:16)\n    at HTMLUnknownElement.callCallback (/home/marcelo/trybe/Projetos/projetos/frontend/sd-032-a-project-recipes-app-ts/node_modules/react-dom/cjs/react-dom.development.js:4164:14)\n    at HTMLUnknownElement.callTheUserObjectsOperation (/home/marcelo/trybe/Projetos/projetos/frontend/sd-032-a-project-recipes-app-ts/node_modules/jsdom/lib/jsdom/living/generated/EventListener.js:26:30)\n    at innerInvokeEventListeners (/home/marcelo/trybe/Projetos/projetos/frontend/sd-032-a-project-recipes-app-ts/node_modules/jsdom/lib/jsdom/living/events/EventTarget-impl.js:350:25)\nError: Uncaught [Error: useRoutes() may be used only in the context of a <Router> component.]\n    at reportException (/home/marcelo/trybe/Projetos/projetos/frontend/sd-032-a-project-recipes-app-ts/node_modules/jsdom/lib/jsdom/living/helpers/runtime-script-errors.js:66:24)\n    at innerInvokeEventListeners (/home/marcelo/trybe/Projetos/projetos/frontend/sd-032-a-project-recipes-app-ts/node_modules/jsdom/lib/jsdom/living/events/EventTarget-impl.js:353:9)\n    at invokeEventListeners (/home/marcelo/trybe/Projetos/projetos/frontend/sd-032-a-project-recipes-app-ts/node_modules/jsdom/lib/jsdom/living/events/EventTarget-impl.js:286:3)\n    at HTMLUnknownElementImpl._dispatch (/home/marcelo/trybe/Projetos/projetos/frontend/sd-032-a-project-recipes-app-ts/node_modules/jsdom/lib/jsdom/living/events/EventTarget-impl.js:233:9)\n    at HTMLUnknownElementImpl.dispatchEvent (/home/marcelo/trybe/Projetos/projetos/frontend/sd-032-a-project-recipes-app-ts/node_modules/jsdom/lib/jsdom/living/events/EventTarget-impl.js:104:17)\n    at HTMLUnknownElement.dispatchEvent (/home/marcelo/trybe/Projetos/projetos/frontend/sd-032-a-project-recipes-app-ts/node_modules/jsdom/lib/jsdom/living/generated/EventTarget.js:241:34)\n    at Object.invokeGuardedCallbackDev (/home/marcelo/trybe/Projetos/projetos/frontend/sd-032-a-project-recipes-app-ts/node_modules/react-dom/cjs/react-dom.development.js:4213:16)\n    at invokeGuardedCallback (/home/marcelo/trybe/Projetos/projetos/frontend/sd-032-a-project-recipes-app-ts/node_modules/react-dom/cjs/react-dom.development.js:4277:31)\n    at beginWork$1 (/home/marcelo/trybe/Projetos/projetos/frontend/sd-032-a-project-recipes-app-ts/node_modules/react-dom/cjs/react-dom.development.js:27451:7)\n    at performUnitOfWork (/home/marcelo/trybe/Projetos/projetos/frontend/sd-032-a-project-recipes-app-ts/node_modules/react-dom/cjs/react-dom.development.js:26560:12) Error: useRoutes() may be used only in the context of a <Router> component.\n    at Object.invariant [as UNSAFE_invariant] (/home/marcelo/trybe/Projetos/projetos/frontend/sd-032-a-project-recipes-app-ts/node_modules/@remix-run/router/history.ts:480:11)\n    at useRoutesImpl (/home/marcelo/trybe/Projetos/projetos/frontend/sd-032-a-project-recipes-app-ts/node_modules/react-router/lib/hooks.tsx:350:3)\n    at useRoutes (/home/marcelo/trybe/Projetos/projetos/frontend/sd-032-a-project-recipes-app-ts/node_modules/react-router/lib/hooks.tsx:341:10)\n    at Routes (/home/marcelo/trybe/Projetos/projetos/frontend/sd-032-a-project-recipes-app-ts/node_modules/react-router/lib/components.tsx:463:10)\n    at renderWithHooks (/home/marcelo/trybe/Projetos/projetos/frontend/sd-032-a-project-recipes-app-ts/node_modules/react-dom/cjs/react-dom.development.js:16305:18)\n    at mountIndeterminateComponent (/home/marcelo/trybe/Projetos/projetos/frontend/sd-032-a-project-recipes-app-ts/node_modules/react-dom/cjs/react-dom.development.js:20074:13)\n    at beginWork (/home/marcelo/trybe/Projetos/projetos/frontend/sd-032-a-project-recipes-app-ts/node_modules/react-dom/cjs/react-dom.development.js:21587:16)\n    at HTMLUnknownElement.callCallback (/home/marcelo/trybe/Projetos/projetos/frontend/sd-032-a-project-recipes-app-ts/node_modules/react-dom/cjs/react-dom.development.js:4164:14)\n    at HTMLUnknownElement.callTheUserObjectsOperation (/home/marcelo/trybe/Projetos/projetos/frontend/sd-032-a-project-recipes-app-ts/node_modules/jsdom/lib/jsdom/living/generated/EventListener.js:26:30)\n    at innerInvokeEventListeners (/home/marcelo/trybe/Projetos/projetos/frontend/sd-032-a-project-recipes-app-ts/node_modules/jsdom/lib/jsdom/living/events/EventTarget-impl.js:350:25)\nThe above error occurred in the <Routes> component:\n\n    at Routes (/home/marcelo/trybe/Projetos/projetos/frontend/sd-032-a-project-recipes-app-ts/node_modules/react-router/dist/umd/react-router.development.js:1147:7)\n    at App\n\nConsider adding an error boundary to your tree to customize error handling behavior.\nVisit https://reactjs.org/link/error-boundaries to learn more about error boundaries.\n\n⎯⎯⎯⎯⎯⎯⎯ Failed Tests 1 ⎯⎯⎯⎯⎯⎯⎯\n\n FAIL  src/tests/App.test.tsx > Farewell, front-end\nError: useRoutes() may be used only in the context of a <Router> component.\n ❯ Object.invariant [as UNSAFE_invariant] node_modules/@remix-run/router/history.ts:480:11\n ❯ useRoutesImpl node_modules/react-router/lib/hooks.tsx:350:3\n ❯ useRoutes node_modules/react-router/lib/hooks.tsx:341:10\n ❯ Routes node_modules/react-router/lib/components.tsx:463:10\n ❯ renderWithHooks node_modules/react-dom/cjs/react-dom.development.js:16305:18\n ❯ mountIndeterminateComponent node_modules/react-dom/cjs/react-dom.development.js:20074:13\n ❯ beginWork node_modules/react-dom/cjs/react-dom.development.js:21587:16\n ❯ beginWork$1 node_modules/react-dom/cjs/react-dom.development.js:27426:14\n ❯ performUnitOfWork node_modules/react-dom/cjs/react-dom.development.js:26560:12\n ❯ workLoopSync node_modules/react-dom/cjs/react-dom.development.js:26466:5\n\n⎯⎯⎯⎯⎯⎯⎯⎯⎯⎯⎯⎯⎯⎯⎯⎯⎯⎯⎯⎯⎯⎯⎯⎯[1/1]⎯\n\nhttps://on.cypress.io/api/task",
                "estack": "CypressError: `cy.task('getCoverage')` failed with the following error:\n\n> Command failed: npm run cy-coverage ./src\nstderr | src/tests/App.test.tsx > Farewell, front-end\nError: Uncaught [Error: useRoutes() may be used only in the context of a <Router> component.]\n    at reportException (/home/marcelo/trybe/Projetos/projetos/frontend/sd-032-a-project-recipes-app-ts/node_modules/jsdom/lib/jsdom/living/helpers/runtime-script-errors.js:66:24)\n    at innerInvokeEventListeners (/home/marcelo/trybe/Projetos/projetos/frontend/sd-032-a-project-recipes-app-ts/node_modules/jsdom/lib/jsdom/living/events/EventTarget-impl.js:353:9)\n    at invokeEventListeners (/home/marcelo/trybe/Projetos/projetos/frontend/sd-032-a-project-recipes-app-ts/node_modules/jsdom/lib/jsdom/living/events/EventTarget-impl.js:286:3)\n    at HTMLUnknownElementImpl._dispatch (/home/marcelo/trybe/Projetos/projetos/frontend/sd-032-a-project-recipes-app-ts/node_modules/jsdom/lib/jsdom/living/events/EventTarget-impl.js:233:9)\n    at HTMLUnknownElementImpl.dispatchEvent (/home/marcelo/trybe/Projetos/projetos/frontend/sd-032-a-project-recipes-app-ts/node_modules/jsdom/lib/jsdom/living/events/EventTarget-impl.js:104:17)\n    at HTMLUnknownElement.dispatchEvent (/home/marcelo/trybe/Projetos/projetos/frontend/sd-032-a-project-recipes-app-ts/node_modules/jsdom/lib/jsdom/living/generated/EventTarget.js:241:34)\n    at Object.invokeGuardedCallbackDev (/home/marcelo/trybe/Projetos/projetos/frontend/sd-032-a-project-recipes-app-ts/node_modules/react-dom/cjs/react-dom.development.js:4213:16)\n    at invokeGuardedCallback (/home/marcelo/trybe/Projetos/projetos/frontend/sd-032-a-project-recipes-app-ts/node_modules/react-dom/cjs/react-dom.development.js:4277:31)\n    at beginWork$1 (/home/marcelo/trybe/Projetos/projetos/frontend/sd-032-a-project-recipes-app-ts/node_modules/react-dom/cjs/react-dom.development.js:27451:7)\n    at performUnitOfWork (/home/marcelo/trybe/Projetos/projetos/frontend/sd-032-a-project-recipes-app-ts/node_modules/react-dom/cjs/react-dom.development.js:26560:12) Error: useRoutes() may be used only in the context of a <Router> component.\n    at Object.invariant [as UNSAFE_invariant] (/home/marcelo/trybe/Projetos/projetos/frontend/sd-032-a-project-recipes-app-ts/node_modules/@remix-run/router/history.ts:480:11)\n    at useRoutesImpl (/home/marcelo/trybe/Projetos/projetos/frontend/sd-032-a-project-recipes-app-ts/node_modules/react-router/lib/hooks.tsx:350:3)\n    at useRoutes (/home/marcelo/trybe/Projetos/projetos/frontend/sd-032-a-project-recipes-app-ts/node_modules/react-router/lib/hooks.tsx:341:10)\n    at Routes (/home/marcelo/trybe/Projetos/projetos/frontend/sd-032-a-project-recipes-app-ts/node_modules/react-router/lib/components.tsx:463:10)\n    at renderWithHooks (/home/marcelo/trybe/Projetos/projetos/frontend/sd-032-a-project-recipes-app-ts/node_modules/react-dom/cjs/react-dom.development.js:16305:18)\n    at mountIndeterminateComponent (/home/marcelo/trybe/Projetos/projetos/frontend/sd-032-a-project-recipes-app-ts/node_modules/react-dom/cjs/react-dom.development.js:20074:13)\n    at beginWork (/home/marcelo/trybe/Projetos/projetos/frontend/sd-032-a-project-recipes-app-ts/node_modules/react-dom/cjs/react-dom.development.js:21587:16)\n    at HTMLUnknownElement.callCallback (/home/marcelo/trybe/Projetos/projetos/frontend/sd-032-a-project-recipes-app-ts/node_modules/react-dom/cjs/react-dom.development.js:4164:14)\n    at HTMLUnknownElement.callTheUserObjectsOperation (/home/marcelo/trybe/Projetos/projetos/frontend/sd-032-a-project-recipes-app-ts/node_modules/jsdom/lib/jsdom/living/generated/EventListener.js:26:30)\n    at innerInvokeEventListeners (/home/marcelo/trybe/Projetos/projetos/frontend/sd-032-a-project-recipes-app-ts/node_modules/jsdom/lib/jsdom/living/events/EventTarget-impl.js:350:25)\nError: Uncaught [Error: useRoutes() may be used only in the context of a <Router> component.]\n    at reportException (/home/marcelo/trybe/Projetos/projetos/frontend/sd-032-a-project-recipes-app-ts/node_modules/jsdom/lib/jsdom/living/helpers/runtime-script-errors.js:66:24)\n    at innerInvokeEventListeners (/home/marcelo/trybe/Projetos/projetos/frontend/sd-032-a-project-recipes-app-ts/node_modules/jsdom/lib/jsdom/living/events/EventTarget-impl.js:353:9)\n    at invokeEventListeners (/home/marcelo/trybe/Projetos/projetos/frontend/sd-032-a-project-recipes-app-ts/node_modules/jsdom/lib/jsdom/living/events/EventTarget-impl.js:286:3)\n    at HTMLUnknownElementImpl._dispatch (/home/marcelo/trybe/Projetos/projetos/frontend/sd-032-a-project-recipes-app-ts/node_modules/jsdom/lib/jsdom/living/events/EventTarget-impl.js:233:9)\n    at HTMLUnknownElementImpl.dispatchEvent (/home/marcelo/trybe/Projetos/projetos/frontend/sd-032-a-project-recipes-app-ts/node_modules/jsdom/lib/jsdom/living/events/EventTarget-impl.js:104:17)\n    at HTMLUnknownElement.dispatchEvent (/home/marcelo/trybe/Projetos/projetos/frontend/sd-032-a-project-recipes-app-ts/node_modules/jsdom/lib/jsdom/living/generated/EventTarget.js:241:34)\n    at Object.invokeGuardedCallbackDev (/home/marcelo/trybe/Projetos/projetos/frontend/sd-032-a-project-recipes-app-ts/node_modules/react-dom/cjs/react-dom.development.js:4213:16)\n    at invokeGuardedCallback (/home/marcelo/trybe/Projetos/projetos/frontend/sd-032-a-project-recipes-app-ts/node_modules/react-dom/cjs/react-dom.development.js:4277:31)\n    at beginWork$1 (/home/marcelo/trybe/Projetos/projetos/frontend/sd-032-a-project-recipes-app-ts/node_modules/react-dom/cjs/react-dom.development.js:27451:7)\n    at performUnitOfWork (/home/marcelo/trybe/Projetos/projetos/frontend/sd-032-a-project-recipes-app-ts/node_modules/react-dom/cjs/react-dom.development.js:26560:12) Error: useRoutes() may be used only in the context of a <Router> component.\n    at Object.invariant [as UNSAFE_invariant] (/home/marcelo/trybe/Projetos/projetos/frontend/sd-032-a-project-recipes-app-ts/node_modules/@remix-run/router/history.ts:480:11)\n    at useRoutesImpl (/home/marcelo/trybe/Projetos/projetos/frontend/sd-032-a-project-recipes-app-ts/node_modules/react-router/lib/hooks.tsx:350:3)\n    at useRoutes (/home/marcelo/trybe/Projetos/projetos/frontend/sd-032-a-project-recipes-app-ts/node_modules/react-router/lib/hooks.tsx:341:10)\n    at Routes (/home/marcelo/trybe/Projetos/projetos/frontend/sd-032-a-project-recipes-app-ts/node_modules/react-router/lib/components.tsx:463:10)\n    at renderWithHooks (/home/marcelo/trybe/Projetos/projetos/frontend/sd-032-a-project-recipes-app-ts/node_modules/react-dom/cjs/react-dom.development.js:16305:18)\n    at mountIndeterminateComponent (/home/marcelo/trybe/Projetos/projetos/frontend/sd-032-a-project-recipes-app-ts/node_modules/react-dom/cjs/react-dom.development.js:20074:13)\n    at beginWork (/home/marcelo/trybe/Projetos/projetos/frontend/sd-032-a-project-recipes-app-ts/node_modules/react-dom/cjs/react-dom.development.js:21587:16)\n    at HTMLUnknownElement.callCallback (/home/marcelo/trybe/Projetos/projetos/frontend/sd-032-a-project-recipes-app-ts/node_modules/react-dom/cjs/react-dom.development.js:4164:14)\n    at HTMLUnknownElement.callTheUserObjectsOperation (/home/marcelo/trybe/Projetos/projetos/frontend/sd-032-a-project-recipes-app-ts/node_modules/jsdom/lib/jsdom/living/generated/EventListener.js:26:30)\n    at innerInvokeEventListeners (/home/marcelo/trybe/Projetos/projetos/frontend/sd-032-a-project-recipes-app-ts/node_modules/jsdom/lib/jsdom/living/events/EventTarget-impl.js:350:25)\nThe above error occurred in the <Routes> component:\n\n    at Routes (/home/marcelo/trybe/Projetos/projetos/frontend/sd-032-a-project-recipes-app-ts/node_modules/react-router/dist/umd/react-router.development.js:1147:7)\n    at App\n\nConsider adding an error boundary to your tree to customize error handling behavior.\nVisit https://reactjs.org/link/error-boundaries to learn more about error boundaries.\n\n⎯⎯⎯⎯⎯⎯⎯ Failed Tests 1 ⎯⎯⎯⎯⎯⎯⎯\n\n FAIL  src/tests/App.test.tsx > Farewell, front-end\nError: useRoutes() may be used only in the context of a <Router> component.\n ❯ Object.invariant [as UNSAFE_invariant] node_modules/@remix-run/router/history.ts:480:11\n ❯ useRoutesImpl node_modules/react-router/lib/hooks.tsx:350:3\n ❯ useRoutes node_modules/react-router/lib/hooks.tsx:341:10\n ❯ Routes node_modules/react-router/lib/components.tsx:463:10\n ❯ renderWithHooks node_modules/react-dom/cjs/react-dom.development.js:16305:18\n ❯ mountIndeterminateComponent node_modules/react-dom/cjs/react-dom.development.js:20074:13\n ❯ beginWork node_modules/react-dom/cjs/react-dom.development.js:21587:16\n ❯ beginWork$1 node_modules/react-dom/cjs/react-dom.development.js:27426:14\n ❯ performUnitOfWork node_modules/react-dom/cjs/react-dom.development.js:26560:12\n ❯ workLoopSync node_modules/react-dom/cjs/react-dom.development.js:26466:5\n\n⎯⎯⎯⎯⎯⎯⎯⎯⎯⎯⎯⎯⎯⎯⎯⎯⎯⎯⎯⎯⎯⎯⎯⎯[1/1]⎯\n\nhttps://on.cypress.io/api/task\n    at <unknown> (http://localhost:3000/__cypress/runner/cypress_runner.js:145912:78)\n    at tryCatcher (http://localhost:3000/__cypress/runner/cypress_runner.js:11318:23)\n    at Promise._settlePromiseFromHandler (http://localhost:3000/__cypress/runner/cypress_runner.js:9253:31)\n    at Promise._settlePromise (http://localhost:3000/__cypress/runner/cypress_runner.js:9310:18)\n    at Promise._settlePromise0 (http://localhost:3000/__cypress/runner/cypress_runner.js:9355:10)\n    at Promise._settlePromises (http://localhost:3000/__cypress/runner/cypress_runner.js:9431:18)\n    at _drainQueueStep (http://localhost:3000/__cypress/runner/cypress_runner.js:6025:12)\n    at _drainQueue (http://localhost:3000/__cypress/runner/cypress_runner.js:6018:9)\n    at ../../node_modules/bluebird/js/release/async.js.Async._drainQueues (http://localhost:3000/__cypress/runner/cypress_runner.js:6034:5)\n    at Async.drainQueues (http://localhost:3000/__cypress/runner/cypress_runner.js:5904:14)\nFrom Your Spec Code:\n    at Context.eval (webpack:///./cypress/support/commands.js:26:45)\n\nFrom Node.js Internals:\n  Error: Command failed: npm run cy-coverage ./src\n  stderr | src/tests/App.test.tsx > Farewell, front-end\n  Error: Uncaught [Error: useRoutes() may be used only in the context of a <Router> component.]\n      at reportException (/home/marcelo/trybe/Projetos/projetos/frontend/sd-032-a-project-recipes-app-ts/node_modules/jsdom/lib/jsdom/living/helpers/runtime-script-errors.js:66:24)\n      at innerInvokeEventListeners (/home/marcelo/trybe/Projetos/projetos/frontend/sd-032-a-project-recipes-app-ts/node_modules/jsdom/lib/jsdom/living/events/EventTarget-impl.js:353:9)\n      at invokeEventListeners (/home/marcelo/trybe/Projetos/projetos/frontend/sd-032-a-project-recipes-app-ts/node_modules/jsdom/lib/jsdom/living/events/EventTarget-impl.js:286:3)\n      at HTMLUnknownElementImpl._dispatch (/home/marcelo/trybe/Projetos/projetos/frontend/sd-032-a-project-recipes-app-ts/node_modules/jsdom/lib/jsdom/living/events/EventTarget-impl.js:233:9)\n      at HTMLUnknownElementImpl.dispatchEvent (/home/marcelo/trybe/Projetos/projetos/frontend/sd-032-a-project-recipes-app-ts/node_modules/jsdom/lib/jsdom/living/events/EventTarget-impl.js:104:17)\n      at HTMLUnknownElement.dispatchEvent (/home/marcelo/trybe/Projetos/projetos/frontend/sd-032-a-project-recipes-app-ts/node_modules/jsdom/lib/jsdom/living/generated/EventTarget.js:241:34)\n      at Object.invokeGuardedCallbackDev (/home/marcelo/trybe/Projetos/projetos/frontend/sd-032-a-project-recipes-app-ts/node_modules/react-dom/cjs/react-dom.development.js:4213:16)\n      at invokeGuardedCallback (/home/marcelo/trybe/Projetos/projetos/frontend/sd-032-a-project-recipes-app-ts/node_modules/react-dom/cjs/react-dom.development.js:4277:31)\n      at beginWork$1 (/home/marcelo/trybe/Projetos/projetos/frontend/sd-032-a-project-recipes-app-ts/node_modules/react-dom/cjs/react-dom.development.js:27451:7)\n  at performUnitOfWork (/home/marcelo/trybe/Projetos/projetos/frontend/sd-032-a-project-recipes-app-ts/node_modules/react-dom/cjs/react-dom.development.js:26560:12) Error: useRoutes() may be used only in the context of a <Router> component.\n  at Object.invariant [as UNSAFE_invariant] (/home/marcelo/trybe/Projetos/projetos/frontend/sd-032-a-project-recipes-app-ts/node_modules/@remix-run/router/history.ts:480:11)\n  at useRoutesImpl (/home/marcelo/trybe/Projetos/projetos/frontend/sd-032-a-project-recipes-app-ts/node_modules/react-router/lib/hooks.tsx:350:3)\n  at useRoutes (/home/marcelo/trybe/Projetos/projetos/frontend/sd-032-a-project-recipes-app-ts/node_modules/react-router/lib/hooks.tsx:341:10)\n  at Routes (/home/marcelo/trybe/Projetos/projetos/frontend/sd-032-a-project-recipes-app-ts/node_modules/react-router/lib/components.tsx:463:10)\n  at renderWithHooks (/home/marcelo/trybe/Projetos/projetos/frontend/sd-032-a-project-recipes-app-ts/node_modules/react-dom/cjs/react-dom.development.js:16305:18)\n  at mountIndeterminateComponent (/home/marcelo/trybe/Projetos/projetos/frontend/sd-032-a-project-recipes-app-ts/node_modules/react-dom/cjs/react-dom.development.js:20074:13)\n  at beginWork (/home/marcelo/trybe/Projetos/projetos/frontend/sd-032-a-project-recipes-app-ts/node_modules/react-dom/cjs/react-dom.development.js:21587:16)\n  at HTMLUnknownElement.callCallback (/home/marcelo/trybe/Projetos/projetos/frontend/sd-032-a-project-recipes-app-ts/node_modules/react-dom/cjs/react-dom.development.js:4164:14)\n  at HTMLUnknownElement.callTheUserObjectsOperation (/home/marcelo/trybe/Projetos/projetos/frontend/sd-032-a-project-recipes-app-ts/node_modules/jsdom/lib/jsdom/living/generated/EventListener.js:26:30)\n  at innerInvokeEventListeners (/home/marcelo/trybe/Projetos/projetos/frontend/sd-032-a-project-recipes-app-ts/node_modules/jsdom/lib/jsdom/living/events/EventTarget-impl.js:350:25)\n  Error: Uncaught [Error: useRoutes() may be used only in the context of a <Router> component.]\n      at reportException (/home/marcelo/trybe/Projetos/projetos/frontend/sd-032-a-project-recipes-app-ts/node_modules/jsdom/lib/jsdom/living/helpers/runtime-script-errors.js:66:24)\n      at innerInvokeEventListeners (/home/marcelo/trybe/Projetos/projetos/frontend/sd-032-a-project-recipes-app-ts/node_modules/jsdom/lib/jsdom/living/events/EventTarget-impl.js:353:9)\n      at invokeEventListeners (/home/marcelo/trybe/Projetos/projetos/frontend/sd-032-a-project-recipes-app-ts/node_modules/jsdom/lib/jsdom/living/events/EventTarget-impl.js:286:3)\n      at HTMLUnknownElementImpl._dispatch (/home/marcelo/trybe/Projetos/projetos/frontend/sd-032-a-project-recipes-app-ts/node_modules/jsdom/lib/jsdom/living/events/EventTarget-impl.js:233:9)\n      at HTMLUnknownElementImpl.dispatchEvent (/home/marcelo/trybe/Projetos/projetos/frontend/sd-032-a-project-recipes-app-ts/node_modules/jsdom/lib/jsdom/living/events/EventTarget-impl.js:104:17)\n      at HTMLUnknownElement.dispatchEvent (/home/marcelo/trybe/Projetos/projetos/frontend/sd-032-a-project-recipes-app-ts/node_modules/jsdom/lib/jsdom/living/generated/EventTarget.js:241:34)\n      at Object.invokeGuardedCallbackDev (/home/marcelo/trybe/Projetos/projetos/frontend/sd-032-a-project-recipes-app-ts/node_modules/react-dom/cjs/react-dom.development.js:4213:16)\n      at invokeGuardedCallback (/home/marcelo/trybe/Projetos/projetos/frontend/sd-032-a-project-recipes-app-ts/node_modules/react-dom/cjs/react-dom.development.js:4277:31)\n      at beginWork$1 (/home/marcelo/trybe/Projetos/projetos/frontend/sd-032-a-project-recipes-app-ts/node_modules/react-dom/cjs/react-dom.development.js:27451:7)\n  at performUnitOfWork (/home/marcelo/trybe/Projetos/projetos/frontend/sd-032-a-project-recipes-app-ts/node_modules/react-dom/cjs/react-dom.development.js:26560:12) Error: useRoutes() may be used only in the context of a <Router> component.\n  at Object.invariant [as UNSAFE_invariant] (/home/marcelo/trybe/Projetos/projetos/frontend/sd-032-a-project-recipes-app-ts/node_modules/@remix-run/router/history.ts:480:11)\n  at useRoutesImpl (/home/marcelo/trybe/Projetos/projetos/frontend/sd-032-a-project-recipes-app-ts/node_modules/react-router/lib/hooks.tsx:350:3)\n  at useRoutes (/home/marcelo/trybe/Projetos/projetos/frontend/sd-032-a-project-recipes-app-ts/node_modules/react-router/lib/hooks.tsx:341:10)\n  at Routes (/home/marcelo/trybe/Projetos/projetos/frontend/sd-032-a-project-recipes-app-ts/node_modules/react-router/lib/components.tsx:463:10)\n  at renderWithHooks (/home/marcelo/trybe/Projetos/projetos/frontend/sd-032-a-project-recipes-app-ts/node_modules/react-dom/cjs/react-dom.development.js:16305:18)\n  at mountIndeterminateComponent (/home/marcelo/trybe/Projetos/projetos/frontend/sd-032-a-project-recipes-app-ts/node_modules/react-dom/cjs/react-dom.development.js:20074:13)\n  at beginWork (/home/marcelo/trybe/Projetos/projetos/frontend/sd-032-a-project-recipes-app-ts/node_modules/react-dom/cjs/react-dom.development.js:21587:16)\n  at HTMLUnknownElement.callCallback (/home/marcelo/trybe/Projetos/projetos/frontend/sd-032-a-project-recipes-app-ts/node_modules/react-dom/cjs/react-dom.development.js:4164:14)\n  at HTMLUnknownElement.callTheUserObjectsOperation (/home/marcelo/trybe/Projetos/projetos/frontend/sd-032-a-project-recipes-app-ts/node_modules/jsdom/lib/jsdom/living/generated/EventListener.js:26:30)\n  at innerInvokeEventListeners (/home/marcelo/trybe/Projetos/projetos/frontend/sd-032-a-project-recipes-app-ts/node_modules/jsdom/lib/jsdom/living/events/EventTarget-impl.js:350:25)\n  The above error occurred in the <Routes> component:\n  \n      at Routes (/home/marcelo/trybe/Projetos/projetos/frontend/sd-032-a-project-recipes-app-ts/node_modules/react-router/dist/umd/react-router.development.js:1147:7)\n  at App\n  \n  Consider adding an error boundary to your tree to customize error handling behavior.\n  Visit https://reactjs.org/link/error-boundaries to learn more about error boundaries.\n  \n  ⎯⎯⎯⎯⎯⎯⎯ Failed Tests 1 ⎯⎯⎯⎯⎯⎯⎯\n  \n   FAIL  src/tests/App.test.tsx > Farewell, front-end\n  Error: useRoutes() may be used only in the context of a <Router> component.\n   ❯ Object.invariant [as UNSAFE_invariant] node_modules/@remix-run/router/history.ts:480:11\n   ❯ useRoutesImpl node_modules/react-router/lib/hooks.tsx:350:3\n   ❯ useRoutes node_modules/react-router/lib/hooks.tsx:341:10\n   ❯ Routes node_modules/react-router/lib/components.tsx:463:10\n   ❯ renderWithHooks node_modules/react-dom/cjs/react-dom.development.js:16305:18\n   ❯ mountIndeterminateComponent node_modules/react-dom/cjs/react-dom.development.js:20074:13\n   ❯ beginWork node_modules/react-dom/cjs/react-dom.development.js:21587:16\n   ❯ beginWork$1 node_modules/react-dom/cjs/react-dom.development.js:27426:14\n   ❯ performUnitOfWork node_modules/react-dom/cjs/react-dom.development.js:26560:12\n   ❯ workLoopSync node_modules/react-dom/cjs/react-dom.development.js:26466:5\n  \n  ⎯⎯⎯⎯⎯⎯⎯⎯⎯⎯⎯⎯⎯⎯⎯⎯⎯⎯⎯⎯⎯⎯⎯⎯[1/1]⎯\n  \n  \n      at ChildProcess.exithandler (node:child_process:419:12)\n      at ChildProcess.emit (node:events:513:28)\n      at ChildProcess.emit (node:domain:489:12)\n      at maybeClose (node:internal/child_process:1091:16)\n      at Process.ChildProcess._handle.onexit (node:internal/child_process:302:5)",
                "diff": null
              },
              "uuid": "a969bedc-7b72-439e-bb66-0721ff30f60a",
              "parentUUID": "1fc5e634-0d39-423e-b90f-29a8f5e9e285",
              "isHook": false,
              "skipped": false
            }
          ],
          "suites": [],
          "passes": [
            "e07a8a3b-f4f3-451e-92ae-8a5bc8be6c37",
            "681cac4e-a3ad-4267-a290-e24d3032ad4d"
          ],
          "failures": [
            "a969bedc-7b72-439e-bb66-0721ff30f60a"
          ],
          "pending": [],
          "skipped": [],
          "duration": 13116,
          "root": false,
          "rootEmpty": false,
          "_timeout": 2000
        },
        {
          "uuid": "83e64e37-bfa3-4881-b345-b1a4e5394957",
          "title": "17 - Exiba o menu inferior apenas nas telas indicadas pelo protótipo",
          "fullFile": "",
          "file": "",
          "beforeHooks": [],
          "afterHooks": [],
          "tests": [
            {
              "title": "Rota \"/\": não deve ter footer",
              "fullTitle": "17 - Exiba o menu inferior apenas nas telas indicadas pelo protótipo Rota \"/\": não deve ter footer",
              "timedOut": null,
              "duration": 850,
              "state": "passed",
              "speed": "fast",
              "pass": true,
              "fail": false,
              "pending": false,
              "context": null,
              "code": "cy.visit('http://localhost:3000/');\nhasNoFooter();",
              "err": {},
              "uuid": "d9847fe2-35e0-4044-830e-71b84a758ced",
              "parentUUID": "83e64e37-bfa3-4881-b345-b1a4e5394957",
              "isHook": false,
              "skipped": false
            },
            {
              "title": "Rota \"/meals\": deve ter footer",
              "fullTitle": "17 - Exiba o menu inferior apenas nas telas indicadas pelo protótipo Rota \"/meals\": deve ter footer",
              "timedOut": null,
              "duration": 629,
              "state": "passed",
              "speed": "fast",
              "pass": true,
              "fail": false,
              "pending": false,
              "context": null,
              "code": "visitWithLocalStorage('http://localhost:3000/meals');\nhasFooter();",
              "err": {},
              "uuid": "715fdaea-c6fa-40b5-b641-32783a960a4b",
              "parentUUID": "83e64e37-bfa3-4881-b345-b1a4e5394957",
              "isHook": false,
              "skipped": false
            },
            {
              "title": "Rota \"/drinks\": deve ter footer",
              "fullTitle": "17 - Exiba o menu inferior apenas nas telas indicadas pelo protótipo Rota \"/drinks\": deve ter footer",
              "timedOut": null,
              "duration": 10684,
              "state": "failed",
              "speed": null,
              "pass": false,
              "fail": true,
              "pending": false,
              "context": null,
              "code": "visitWithLocalStorage('http://localhost:3000/drinks');\nhasFooter();",
              "err": {
                "message": "AssertionError: Timed out retrying after 10000ms: Expected to find element: `[data-testid=\"footer\"]`, but never found it.",
                "estack": "AssertionError: Timed out retrying after 10000ms: Expected to find element: `[data-testid=\"footer\"]`, but never found it.\n    at hasFooter (webpack:///./cypress/e2e/16-18.footer.cy.js:39:7)\n    at Context.eval (webpack:///./cypress/e2e/16-18.footer.cy.js:70:4)",
                "diff": null
              },
              "uuid": "64d5039c-6cb9-483d-b704-ac1f7f12c493",
              "parentUUID": "83e64e37-bfa3-4881-b345-b1a4e5394957",
              "isHook": false,
              "skipped": false
            },
            {
              "title": "Rota \"/meals/{id-da-receita}\": não deve ter footer",
              "fullTitle": "17 - Exiba o menu inferior apenas nas telas indicadas pelo protótipo Rota \"/meals/{id-da-receita}\": não deve ter footer",
              "timedOut": null,
              "duration": 886,
              "state": "passed",
              "speed": "fast",
              "pass": true,
              "fail": false,
              "pending": false,
              "context": null,
              "code": "visitWithLocalStorage('http://localhost:3000/meals/52771');\nhasNoFooter();",
              "err": {},
              "uuid": "35b9d190-65b5-4538-8e0c-29584452e83e",
              "parentUUID": "83e64e37-bfa3-4881-b345-b1a4e5394957",
              "isHook": false,
              "skipped": false
            },
            {
              "title": "Rota \"drinks/{id-da-receita}\": não deve ter footer",
              "fullTitle": "17 - Exiba o menu inferior apenas nas telas indicadas pelo protótipo Rota \"drinks/{id-da-receita}\": não deve ter footer",
              "timedOut": null,
              "duration": 891,
              "state": "passed",
              "speed": "fast",
              "pass": true,
              "fail": false,
              "pending": false,
              "context": null,
              "code": "visitWithLocalStorage('http://localhost:3000/drinks/178319');\nhasNoFooter();",
              "err": {},
              "uuid": "f091b3ab-a6aa-4e44-8ce4-069256fcf7d9",
              "parentUUID": "83e64e37-bfa3-4881-b345-b1a4e5394957",
              "isHook": false,
              "skipped": false
            },
            {
              "title": "Rota \"/meals/{id-da-receita}/in-progress\": não deve ter footer",
              "fullTitle": "17 - Exiba o menu inferior apenas nas telas indicadas pelo protótipo Rota \"/meals/{id-da-receita}/in-progress\": não deve ter footer",
              "timedOut": null,
              "duration": 681,
              "state": "passed",
              "speed": "fast",
              "pass": true,
              "fail": false,
              "pending": false,
              "context": null,
              "code": "visitWithLocalStorage('http://localhost:3000/meals/52771/in-progress');\nhasNoFooter();",
              "err": {},
              "uuid": "18b28d0d-aa2a-4939-b236-c9fbbed8b606",
              "parentUUID": "83e64e37-bfa3-4881-b345-b1a4e5394957",
              "isHook": false,
              "skipped": false
            },
            {
              "title": "Rota \"/drinks/{id-da-receita}/in-progress\": não deve ter footer",
              "fullTitle": "17 - Exiba o menu inferior apenas nas telas indicadas pelo protótipo Rota \"/drinks/{id-da-receita}/in-progress\": não deve ter footer",
              "timedOut": null,
              "duration": 588,
              "state": "passed",
              "speed": "fast",
              "pass": true,
              "fail": false,
              "pending": false,
              "context": null,
              "code": "visitWithLocalStorage('http://localhost:3000/drinks/178319/in-progress');\nhasNoFooter();",
              "err": {},
              "uuid": "2d51d698-51c5-4d01-adbb-93b0a233d7c4",
              "parentUUID": "83e64e37-bfa3-4881-b345-b1a4e5394957",
              "isHook": false,
              "skipped": false
            },
            {
              "title": "Rota \"/profile\": deve ter footer",
              "fullTitle": "17 - Exiba o menu inferior apenas nas telas indicadas pelo protótipo Rota \"/profile\": deve ter footer",
              "timedOut": null,
              "duration": 10671,
              "state": "failed",
              "speed": null,
              "pass": false,
              "fail": true,
              "pending": false,
              "context": null,
              "code": "visitWithLocalStorage('http://localhost:3000/profile');\nhasFooter();",
              "err": {
                "message": "AssertionError: Timed out retrying after 10000ms: Expected to find element: `[data-testid=\"footer\"]`, but never found it.",
                "estack": "AssertionError: Timed out retrying after 10000ms: Expected to find element: `[data-testid=\"footer\"]`, but never found it.\n    at hasFooter (webpack:///./cypress/e2e/16-18.footer.cy.js:39:7)\n    at Context.eval (webpack:///./cypress/e2e/16-18.footer.cy.js:100:4)",
                "diff": null
              },
              "uuid": "0b513ff7-614b-4b65-8dc9-2dff6f31b846",
              "parentUUID": "83e64e37-bfa3-4881-b345-b1a4e5394957",
              "isHook": false,
              "skipped": false
            },
            {
              "title": "Rota \"/done-recipes\": não deve ter footer",
              "fullTitle": "17 - Exiba o menu inferior apenas nas telas indicadas pelo protótipo Rota \"/done-recipes\": não deve ter footer",
              "timedOut": null,
              "duration": 798,
              "state": "passed",
              "speed": "fast",
              "pass": true,
              "fail": false,
              "pending": false,
              "context": null,
              "code": "visitWithLocalStorage('http://localhost:3000/done-recipes');\nhasNoFooter();",
              "err": {},
              "uuid": "fe1ac530-e606-4ded-95ed-260d9a4ffda6",
              "parentUUID": "83e64e37-bfa3-4881-b345-b1a4e5394957",
              "isHook": false,
              "skipped": false
            },
            {
              "title": "Rota \"/favorite-recipes\": não deve ter footer",
              "fullTitle": "17 - Exiba o menu inferior apenas nas telas indicadas pelo protótipo Rota \"/favorite-recipes\": não deve ter footer",
              "timedOut": null,
              "duration": 735,
              "state": "passed",
              "speed": "fast",
              "pass": true,
              "fail": false,
              "pending": false,
              "context": null,
              "code": "visitWithLocalStorage('http://localhost:3000/favorite-recipes');\nhasNoFooter();",
              "err": {},
              "uuid": "5dd8282b-2b70-482f-a720-4c8021fc24de",
              "parentUUID": "83e64e37-bfa3-4881-b345-b1a4e5394957",
              "isHook": false,
              "skipped": false
            }
          ],
          "suites": [],
          "passes": [
            "d9847fe2-35e0-4044-830e-71b84a758ced",
            "715fdaea-c6fa-40b5-b641-32783a960a4b",
            "35b9d190-65b5-4538-8e0c-29584452e83e",
            "f091b3ab-a6aa-4e44-8ce4-069256fcf7d9",
            "18b28d0d-aa2a-4939-b236-c9fbbed8b606",
            "2d51d698-51c5-4d01-adbb-93b0a233d7c4",
            "fe1ac530-e606-4ded-95ed-260d9a4ffda6",
            "5dd8282b-2b70-482f-a720-4c8021fc24de"
          ],
          "failures": [
            "64d5039c-6cb9-483d-b704-ac1f7f12c493",
            "0b513ff7-614b-4b65-8dc9-2dff6f31b846"
          ],
          "pending": [],
          "skipped": [],
          "duration": 27413,
          "root": false,
          "rootEmpty": false,
          "_timeout": 2000
        },
        {
          "uuid": "1fe3ec76-daff-4b14-a404-322a9ad428dd",
          "title": "18 - Redirecione a pessoa usuária para a tela correta ao clicar em cada ícone no menu inferior",
          "fullFile": "",
          "file": "",
          "beforeHooks": [],
          "afterHooks": [],
          "tests": [
            {
              "title": "Redireciona para a lista de bebidas ao clicar no ícone de bebidas",
              "fullTitle": "18 - Redirecione a pessoa usuária para a tela correta ao clicar em cada ícone no menu inferior Redireciona para a lista de bebidas ao clicar no ícone de bebidas",
              "timedOut": null,
              "duration": 1074,
              "state": "passed",
              "speed": "fast",
              "pass": true,
              "fail": false,
              "pending": false,
              "context": null,
              "code": "cy.visit('http://localhost:3000/meals');\ncy.get('[data-testid=\"drinks-bottom-btn\"]').click();\ncy.location().should(loc => expect(loc.pathname).to.eq('/drinks'));",
              "err": {},
              "uuid": "fbe28fb8-364b-47a6-a3a2-cc53a668923b",
              "parentUUID": "1fe3ec76-daff-4b14-a404-322a9ad428dd",
              "isHook": false,
              "skipped": false
            },
            {
              "title": "Redireciona para a lista de comidas ao clicar no ícone de comidas",
              "fullTitle": "18 - Redirecione a pessoa usuária para a tela correta ao clicar em cada ícone no menu inferior Redireciona para a lista de comidas ao clicar no ícone de comidas",
              "timedOut": null,
              "duration": 10669,
              "state": "failed",
              "speed": null,
              "pass": false,
              "fail": true,
              "pending": false,
              "context": null,
              "code": "cy.visit('http://localhost:3000/drinks');\ncy.get('[data-testid=\"meals-bottom-btn\"]').click();\ncy.location().should(loc => expect(loc.pathname).to.eq('/meals'));",
              "err": {
                "message": "AssertionError: Timed out retrying after 10000ms: Expected to find element: `[data-testid=\"meals-bottom-btn\"]`, but never found it.",
                "estack": "AssertionError: Timed out retrying after 10000ms: Expected to find element: `[data-testid=\"meals-bottom-btn\"]`, but never found it.\n    at Context.eval (webpack:///./cypress/e2e/16-18.footer.cy.js:128:7)",
                "diff": null
              },
              "uuid": "18358567-1269-43ac-be9e-a8cfc4ba69ff",
              "parentUUID": "1fe3ec76-daff-4b14-a404-322a9ad428dd",
              "isHook": false,
              "skipped": false
            },
            {
              "title": "Verifica a cobertura de 90% do Componente Footer",
              "fullTitle": "18 - Redirecione a pessoa usuária para a tela correta ao clicar em cada ícone no menu inferior Verifica a cobertura de 90% do Componente Footer",
              "timedOut": null,
              "duration": 14971,
              "state": "failed",
              "speed": null,
              "pass": false,
              "fail": true,
              "pending": false,
              "context": null,
              "code": "cy.getCoverage().its('Footer.functions.pct', {\n  timeout: 0\n}).should('be.gte', 90.00);\ncy.getCoverage().its('Footer.branches.pct', {\n  timeout: 0\n}).should('be.gte', 90.00);",
              "err": {
                "message": "CypressError: `cy.task('getCoverage')` failed with the following error:\n\n> Command failed: npm run cy-coverage ./src\nstderr | src/tests/App.test.tsx > Farewell, front-end\nError: Uncaught [Error: useRoutes() may be used only in the context of a <Router> component.]\n    at reportException (/home/marcelo/trybe/Projetos/projetos/frontend/sd-032-a-project-recipes-app-ts/node_modules/jsdom/lib/jsdom/living/helpers/runtime-script-errors.js:66:24)\n    at innerInvokeEventListeners (/home/marcelo/trybe/Projetos/projetos/frontend/sd-032-a-project-recipes-app-ts/node_modules/jsdom/lib/jsdom/living/events/EventTarget-impl.js:353:9)\n    at invokeEventListeners (/home/marcelo/trybe/Projetos/projetos/frontend/sd-032-a-project-recipes-app-ts/node_modules/jsdom/lib/jsdom/living/events/EventTarget-impl.js:286:3)\n    at HTMLUnknownElementImpl._dispatch (/home/marcelo/trybe/Projetos/projetos/frontend/sd-032-a-project-recipes-app-ts/node_modules/jsdom/lib/jsdom/living/events/EventTarget-impl.js:233:9)\n    at HTMLUnknownElementImpl.dispatchEvent (/home/marcelo/trybe/Projetos/projetos/frontend/sd-032-a-project-recipes-app-ts/node_modules/jsdom/lib/jsdom/living/events/EventTarget-impl.js:104:17)\n    at HTMLUnknownElement.dispatchEvent (/home/marcelo/trybe/Projetos/projetos/frontend/sd-032-a-project-recipes-app-ts/node_modules/jsdom/lib/jsdom/living/generated/EventTarget.js:241:34)\n    at Object.invokeGuardedCallbackDev (/home/marcelo/trybe/Projetos/projetos/frontend/sd-032-a-project-recipes-app-ts/node_modules/react-dom/cjs/react-dom.development.js:4213:16)\n    at invokeGuardedCallback (/home/marcelo/trybe/Projetos/projetos/frontend/sd-032-a-project-recipes-app-ts/node_modules/react-dom/cjs/react-dom.development.js:4277:31)\n    at beginWork$1 (/home/marcelo/trybe/Projetos/projetos/frontend/sd-032-a-project-recipes-app-ts/node_modules/react-dom/cjs/react-dom.development.js:27451:7)\n    at performUnitOfWork (/home/marcelo/trybe/Projetos/projetos/frontend/sd-032-a-project-recipes-app-ts/node_modules/react-dom/cjs/react-dom.development.js:26560:12) Error: useRoutes() may be used only in the context of a <Router> component.\n    at Object.invariant [as UNSAFE_invariant] (/home/marcelo/trybe/Projetos/projetos/frontend/sd-032-a-project-recipes-app-ts/node_modules/@remix-run/router/history.ts:480:11)\n    at useRoutesImpl (/home/marcelo/trybe/Projetos/projetos/frontend/sd-032-a-project-recipes-app-ts/node_modules/react-router/lib/hooks.tsx:350:3)\n    at useRoutes (/home/marcelo/trybe/Projetos/projetos/frontend/sd-032-a-project-recipes-app-ts/node_modules/react-router/lib/hooks.tsx:341:10)\n    at Routes (/home/marcelo/trybe/Projetos/projetos/frontend/sd-032-a-project-recipes-app-ts/node_modules/react-router/lib/components.tsx:463:10)\n    at renderWithHooks (/home/marcelo/trybe/Projetos/projetos/frontend/sd-032-a-project-recipes-app-ts/node_modules/react-dom/cjs/react-dom.development.js:16305:18)\n    at mountIndeterminateComponent (/home/marcelo/trybe/Projetos/projetos/frontend/sd-032-a-project-recipes-app-ts/node_modules/react-dom/cjs/react-dom.development.js:20074:13)\n    at beginWork (/home/marcelo/trybe/Projetos/projetos/frontend/sd-032-a-project-recipes-app-ts/node_modules/react-dom/cjs/react-dom.development.js:21587:16)\n    at HTMLUnknownElement.callCallback (/home/marcelo/trybe/Projetos/projetos/frontend/sd-032-a-project-recipes-app-ts/node_modules/react-dom/cjs/react-dom.development.js:4164:14)\n    at HTMLUnknownElement.callTheUserObjectsOperation (/home/marcelo/trybe/Projetos/projetos/frontend/sd-032-a-project-recipes-app-ts/node_modules/jsdom/lib/jsdom/living/generated/EventListener.js:26:30)\n    at innerInvokeEventListeners (/home/marcelo/trybe/Projetos/projetos/frontend/sd-032-a-project-recipes-app-ts/node_modules/jsdom/lib/jsdom/living/events/EventTarget-impl.js:350:25)\nError: Uncaught [Error: useRoutes() may be used only in the context of a <Router> component.]\n    at reportException (/home/marcelo/trybe/Projetos/projetos/frontend/sd-032-a-project-recipes-app-ts/node_modules/jsdom/lib/jsdom/living/helpers/runtime-script-errors.js:66:24)\n    at innerInvokeEventListeners (/home/marcelo/trybe/Projetos/projetos/frontend/sd-032-a-project-recipes-app-ts/node_modules/jsdom/lib/jsdom/living/events/EventTarget-impl.js:353:9)\n    at invokeEventListeners (/home/marcelo/trybe/Projetos/projetos/frontend/sd-032-a-project-recipes-app-ts/node_modules/jsdom/lib/jsdom/living/events/EventTarget-impl.js:286:3)\n    at HTMLUnknownElementImpl._dispatch (/home/marcelo/trybe/Projetos/projetos/frontend/sd-032-a-project-recipes-app-ts/node_modules/jsdom/lib/jsdom/living/events/EventTarget-impl.js:233:9)\n    at HTMLUnknownElementImpl.dispatchEvent (/home/marcelo/trybe/Projetos/projetos/frontend/sd-032-a-project-recipes-app-ts/node_modules/jsdom/lib/jsdom/living/events/EventTarget-impl.js:104:17)\n    at HTMLUnknownElement.dispatchEvent (/home/marcelo/trybe/Projetos/projetos/frontend/sd-032-a-project-recipes-app-ts/node_modules/jsdom/lib/jsdom/living/generated/EventTarget.js:241:34)\n    at Object.invokeGuardedCallbackDev (/home/marcelo/trybe/Projetos/projetos/frontend/sd-032-a-project-recipes-app-ts/node_modules/react-dom/cjs/react-dom.development.js:4213:16)\n    at invokeGuardedCallback (/home/marcelo/trybe/Projetos/projetos/frontend/sd-032-a-project-recipes-app-ts/node_modules/react-dom/cjs/react-dom.development.js:4277:31)\n    at beginWork$1 (/home/marcelo/trybe/Projetos/projetos/frontend/sd-032-a-project-recipes-app-ts/node_modules/react-dom/cjs/react-dom.development.js:27451:7)\n    at performUnitOfWork (/home/marcelo/trybe/Projetos/projetos/frontend/sd-032-a-project-recipes-app-ts/node_modules/react-dom/cjs/react-dom.development.js:26560:12) Error: useRoutes() may be used only in the context of a <Router> component.\n    at Object.invariant [as UNSAFE_invariant] (/home/marcelo/trybe/Projetos/projetos/frontend/sd-032-a-project-recipes-app-ts/node_modules/@remix-run/router/history.ts:480:11)\n    at useRoutesImpl (/home/marcelo/trybe/Projetos/projetos/frontend/sd-032-a-project-recipes-app-ts/node_modules/react-router/lib/hooks.tsx:350:3)\n    at useRoutes (/home/marcelo/trybe/Projetos/projetos/frontend/sd-032-a-project-recipes-app-ts/node_modules/react-router/lib/hooks.tsx:341:10)\n    at Routes (/home/marcelo/trybe/Projetos/projetos/frontend/sd-032-a-project-recipes-app-ts/node_modules/react-router/lib/components.tsx:463:10)\n    at renderWithHooks (/home/marcelo/trybe/Projetos/projetos/frontend/sd-032-a-project-recipes-app-ts/node_modules/react-dom/cjs/react-dom.development.js:16305:18)\n    at mountIndeterminateComponent (/home/marcelo/trybe/Projetos/projetos/frontend/sd-032-a-project-recipes-app-ts/node_modules/react-dom/cjs/react-dom.development.js:20074:13)\n    at beginWork (/home/marcelo/trybe/Projetos/projetos/frontend/sd-032-a-project-recipes-app-ts/node_modules/react-dom/cjs/react-dom.development.js:21587:16)\n    at HTMLUnknownElement.callCallback (/home/marcelo/trybe/Projetos/projetos/frontend/sd-032-a-project-recipes-app-ts/node_modules/react-dom/cjs/react-dom.development.js:4164:14)\n    at HTMLUnknownElement.callTheUserObjectsOperation (/home/marcelo/trybe/Projetos/projetos/frontend/sd-032-a-project-recipes-app-ts/node_modules/jsdom/lib/jsdom/living/generated/EventListener.js:26:30)\n    at innerInvokeEventListeners (/home/marcelo/trybe/Projetos/projetos/frontend/sd-032-a-project-recipes-app-ts/node_modules/jsdom/lib/jsdom/living/events/EventTarget-impl.js:350:25)\nThe above error occurred in the <Routes> component:\n\n    at Routes (/home/marcelo/trybe/Projetos/projetos/frontend/sd-032-a-project-recipes-app-ts/node_modules/react-router/dist/umd/react-router.development.js:1147:7)\n    at App\n\nConsider adding an error boundary to your tree to customize error handling behavior.\nVisit https://reactjs.org/link/error-boundaries to learn more about error boundaries.\n\n⎯⎯⎯⎯⎯⎯⎯ Failed Tests 1 ⎯⎯⎯⎯⎯⎯⎯\n\n FAIL  src/tests/App.test.tsx > Farewell, front-end\nError: useRoutes() may be used only in the context of a <Router> component.\n ❯ Object.invariant [as UNSAFE_invariant] node_modules/@remix-run/router/history.ts:480:11\n ❯ useRoutesImpl node_modules/react-router/lib/hooks.tsx:350:3\n ❯ useRoutes node_modules/react-router/lib/hooks.tsx:341:10\n ❯ Routes node_modules/react-router/lib/components.tsx:463:10\n ❯ renderWithHooks node_modules/react-dom/cjs/react-dom.development.js:16305:18\n ❯ mountIndeterminateComponent node_modules/react-dom/cjs/react-dom.development.js:20074:13\n ❯ beginWork node_modules/react-dom/cjs/react-dom.development.js:21587:16\n ❯ beginWork$1 node_modules/react-dom/cjs/react-dom.development.js:27426:14\n ❯ performUnitOfWork node_modules/react-dom/cjs/react-dom.development.js:26560:12\n ❯ workLoopSync node_modules/react-dom/cjs/react-dom.development.js:26466:5\n\n⎯⎯⎯⎯⎯⎯⎯⎯⎯⎯⎯⎯⎯⎯⎯⎯⎯⎯⎯⎯⎯⎯⎯⎯[1/1]⎯\n\nhttps://on.cypress.io/api/task",
                "estack": "CypressError: `cy.task('getCoverage')` failed with the following error:\n\n> Command failed: npm run cy-coverage ./src\nstderr | src/tests/App.test.tsx > Farewell, front-end\nError: Uncaught [Error: useRoutes() may be used only in the context of a <Router> component.]\n    at reportException (/home/marcelo/trybe/Projetos/projetos/frontend/sd-032-a-project-recipes-app-ts/node_modules/jsdom/lib/jsdom/living/helpers/runtime-script-errors.js:66:24)\n    at innerInvokeEventListeners (/home/marcelo/trybe/Projetos/projetos/frontend/sd-032-a-project-recipes-app-ts/node_modules/jsdom/lib/jsdom/living/events/EventTarget-impl.js:353:9)\n    at invokeEventListeners (/home/marcelo/trybe/Projetos/projetos/frontend/sd-032-a-project-recipes-app-ts/node_modules/jsdom/lib/jsdom/living/events/EventTarget-impl.js:286:3)\n    at HTMLUnknownElementImpl._dispatch (/home/marcelo/trybe/Projetos/projetos/frontend/sd-032-a-project-recipes-app-ts/node_modules/jsdom/lib/jsdom/living/events/EventTarget-impl.js:233:9)\n    at HTMLUnknownElementImpl.dispatchEvent (/home/marcelo/trybe/Projetos/projetos/frontend/sd-032-a-project-recipes-app-ts/node_modules/jsdom/lib/jsdom/living/events/EventTarget-impl.js:104:17)\n    at HTMLUnknownElement.dispatchEvent (/home/marcelo/trybe/Projetos/projetos/frontend/sd-032-a-project-recipes-app-ts/node_modules/jsdom/lib/jsdom/living/generated/EventTarget.js:241:34)\n    at Object.invokeGuardedCallbackDev (/home/marcelo/trybe/Projetos/projetos/frontend/sd-032-a-project-recipes-app-ts/node_modules/react-dom/cjs/react-dom.development.js:4213:16)\n    at invokeGuardedCallback (/home/marcelo/trybe/Projetos/projetos/frontend/sd-032-a-project-recipes-app-ts/node_modules/react-dom/cjs/react-dom.development.js:4277:31)\n    at beginWork$1 (/home/marcelo/trybe/Projetos/projetos/frontend/sd-032-a-project-recipes-app-ts/node_modules/react-dom/cjs/react-dom.development.js:27451:7)\n    at performUnitOfWork (/home/marcelo/trybe/Projetos/projetos/frontend/sd-032-a-project-recipes-app-ts/node_modules/react-dom/cjs/react-dom.development.js:26560:12) Error: useRoutes() may be used only in the context of a <Router> component.\n    at Object.invariant [as UNSAFE_invariant] (/home/marcelo/trybe/Projetos/projetos/frontend/sd-032-a-project-recipes-app-ts/node_modules/@remix-run/router/history.ts:480:11)\n    at useRoutesImpl (/home/marcelo/trybe/Projetos/projetos/frontend/sd-032-a-project-recipes-app-ts/node_modules/react-router/lib/hooks.tsx:350:3)\n    at useRoutes (/home/marcelo/trybe/Projetos/projetos/frontend/sd-032-a-project-recipes-app-ts/node_modules/react-router/lib/hooks.tsx:341:10)\n    at Routes (/home/marcelo/trybe/Projetos/projetos/frontend/sd-032-a-project-recipes-app-ts/node_modules/react-router/lib/components.tsx:463:10)\n    at renderWithHooks (/home/marcelo/trybe/Projetos/projetos/frontend/sd-032-a-project-recipes-app-ts/node_modules/react-dom/cjs/react-dom.development.js:16305:18)\n    at mountIndeterminateComponent (/home/marcelo/trybe/Projetos/projetos/frontend/sd-032-a-project-recipes-app-ts/node_modules/react-dom/cjs/react-dom.development.js:20074:13)\n    at beginWork (/home/marcelo/trybe/Projetos/projetos/frontend/sd-032-a-project-recipes-app-ts/node_modules/react-dom/cjs/react-dom.development.js:21587:16)\n    at HTMLUnknownElement.callCallback (/home/marcelo/trybe/Projetos/projetos/frontend/sd-032-a-project-recipes-app-ts/node_modules/react-dom/cjs/react-dom.development.js:4164:14)\n    at HTMLUnknownElement.callTheUserObjectsOperation (/home/marcelo/trybe/Projetos/projetos/frontend/sd-032-a-project-recipes-app-ts/node_modules/jsdom/lib/jsdom/living/generated/EventListener.js:26:30)\n    at innerInvokeEventListeners (/home/marcelo/trybe/Projetos/projetos/frontend/sd-032-a-project-recipes-app-ts/node_modules/jsdom/lib/jsdom/living/events/EventTarget-impl.js:350:25)\nError: Uncaught [Error: useRoutes() may be used only in the context of a <Router> component.]\n    at reportException (/home/marcelo/trybe/Projetos/projetos/frontend/sd-032-a-project-recipes-app-ts/node_modules/jsdom/lib/jsdom/living/helpers/runtime-script-errors.js:66:24)\n    at innerInvokeEventListeners (/home/marcelo/trybe/Projetos/projetos/frontend/sd-032-a-project-recipes-app-ts/node_modules/jsdom/lib/jsdom/living/events/EventTarget-impl.js:353:9)\n    at invokeEventListeners (/home/marcelo/trybe/Projetos/projetos/frontend/sd-032-a-project-recipes-app-ts/node_modules/jsdom/lib/jsdom/living/events/EventTarget-impl.js:286:3)\n    at HTMLUnknownElementImpl._dispatch (/home/marcelo/trybe/Projetos/projetos/frontend/sd-032-a-project-recipes-app-ts/node_modules/jsdom/lib/jsdom/living/events/EventTarget-impl.js:233:9)\n    at HTMLUnknownElementImpl.dispatchEvent (/home/marcelo/trybe/Projetos/projetos/frontend/sd-032-a-project-recipes-app-ts/node_modules/jsdom/lib/jsdom/living/events/EventTarget-impl.js:104:17)\n    at HTMLUnknownElement.dispatchEvent (/home/marcelo/trybe/Projetos/projetos/frontend/sd-032-a-project-recipes-app-ts/node_modules/jsdom/lib/jsdom/living/generated/EventTarget.js:241:34)\n    at Object.invokeGuardedCallbackDev (/home/marcelo/trybe/Projetos/projetos/frontend/sd-032-a-project-recipes-app-ts/node_modules/react-dom/cjs/react-dom.development.js:4213:16)\n    at invokeGuardedCallback (/home/marcelo/trybe/Projetos/projetos/frontend/sd-032-a-project-recipes-app-ts/node_modules/react-dom/cjs/react-dom.development.js:4277:31)\n    at beginWork$1 (/home/marcelo/trybe/Projetos/projetos/frontend/sd-032-a-project-recipes-app-ts/node_modules/react-dom/cjs/react-dom.development.js:27451:7)\n    at performUnitOfWork (/home/marcelo/trybe/Projetos/projetos/frontend/sd-032-a-project-recipes-app-ts/node_modules/react-dom/cjs/react-dom.development.js:26560:12) Error: useRoutes() may be used only in the context of a <Router> component.\n    at Object.invariant [as UNSAFE_invariant] (/home/marcelo/trybe/Projetos/projetos/frontend/sd-032-a-project-recipes-app-ts/node_modules/@remix-run/router/history.ts:480:11)\n    at useRoutesImpl (/home/marcelo/trybe/Projetos/projetos/frontend/sd-032-a-project-recipes-app-ts/node_modules/react-router/lib/hooks.tsx:350:3)\n    at useRoutes (/home/marcelo/trybe/Projetos/projetos/frontend/sd-032-a-project-recipes-app-ts/node_modules/react-router/lib/hooks.tsx:341:10)\n    at Routes (/home/marcelo/trybe/Projetos/projetos/frontend/sd-032-a-project-recipes-app-ts/node_modules/react-router/lib/components.tsx:463:10)\n    at renderWithHooks (/home/marcelo/trybe/Projetos/projetos/frontend/sd-032-a-project-recipes-app-ts/node_modules/react-dom/cjs/react-dom.development.js:16305:18)\n    at mountIndeterminateComponent (/home/marcelo/trybe/Projetos/projetos/frontend/sd-032-a-project-recipes-app-ts/node_modules/react-dom/cjs/react-dom.development.js:20074:13)\n    at beginWork (/home/marcelo/trybe/Projetos/projetos/frontend/sd-032-a-project-recipes-app-ts/node_modules/react-dom/cjs/react-dom.development.js:21587:16)\n    at HTMLUnknownElement.callCallback (/home/marcelo/trybe/Projetos/projetos/frontend/sd-032-a-project-recipes-app-ts/node_modules/react-dom/cjs/react-dom.development.js:4164:14)\n    at HTMLUnknownElement.callTheUserObjectsOperation (/home/marcelo/trybe/Projetos/projetos/frontend/sd-032-a-project-recipes-app-ts/node_modules/jsdom/lib/jsdom/living/generated/EventListener.js:26:30)\n    at innerInvokeEventListeners (/home/marcelo/trybe/Projetos/projetos/frontend/sd-032-a-project-recipes-app-ts/node_modules/jsdom/lib/jsdom/living/events/EventTarget-impl.js:350:25)\nThe above error occurred in the <Routes> component:\n\n    at Routes (/home/marcelo/trybe/Projetos/projetos/frontend/sd-032-a-project-recipes-app-ts/node_modules/react-router/dist/umd/react-router.development.js:1147:7)\n    at App\n\nConsider adding an error boundary to your tree to customize error handling behavior.\nVisit https://reactjs.org/link/error-boundaries to learn more about error boundaries.\n\n⎯⎯⎯⎯⎯⎯⎯ Failed Tests 1 ⎯⎯⎯⎯⎯⎯⎯\n\n FAIL  src/tests/App.test.tsx > Farewell, front-end\nError: useRoutes() may be used only in the context of a <Router> component.\n ❯ Object.invariant [as UNSAFE_invariant] node_modules/@remix-run/router/history.ts:480:11\n ❯ useRoutesImpl node_modules/react-router/lib/hooks.tsx:350:3\n ❯ useRoutes node_modules/react-router/lib/hooks.tsx:341:10\n ❯ Routes node_modules/react-router/lib/components.tsx:463:10\n ❯ renderWithHooks node_modules/react-dom/cjs/react-dom.development.js:16305:18\n ❯ mountIndeterminateComponent node_modules/react-dom/cjs/react-dom.development.js:20074:13\n ❯ beginWork node_modules/react-dom/cjs/react-dom.development.js:21587:16\n ❯ beginWork$1 node_modules/react-dom/cjs/react-dom.development.js:27426:14\n ❯ performUnitOfWork node_modules/react-dom/cjs/react-dom.development.js:26560:12\n ❯ workLoopSync node_modules/react-dom/cjs/react-dom.development.js:26466:5\n\n⎯⎯⎯⎯⎯⎯⎯⎯⎯⎯⎯⎯⎯⎯⎯⎯⎯⎯⎯⎯⎯⎯⎯⎯[1/1]⎯\n\nhttps://on.cypress.io/api/task\n    at <unknown> (http://localhost:3000/__cypress/runner/cypress_runner.js:145912:78)\n    at tryCatcher (http://localhost:3000/__cypress/runner/cypress_runner.js:11318:23)\n    at Promise._settlePromiseFromHandler (http://localhost:3000/__cypress/runner/cypress_runner.js:9253:31)\n    at Promise._settlePromise (http://localhost:3000/__cypress/runner/cypress_runner.js:9310:18)\n    at Promise._settlePromise0 (http://localhost:3000/__cypress/runner/cypress_runner.js:9355:10)\n    at Promise._settlePromises (http://localhost:3000/__cypress/runner/cypress_runner.js:9431:18)\n    at _drainQueueStep (http://localhost:3000/__cypress/runner/cypress_runner.js:6025:12)\n    at _drainQueue (http://localhost:3000/__cypress/runner/cypress_runner.js:6018:9)\n    at ../../node_modules/bluebird/js/release/async.js.Async._drainQueues (http://localhost:3000/__cypress/runner/cypress_runner.js:6034:5)\n    at Async.drainQueues (http://localhost:3000/__cypress/runner/cypress_runner.js:5904:14)\nFrom Your Spec Code:\n    at Context.eval (webpack:///./cypress/support/commands.js:26:45)\n\nFrom Node.js Internals:\n  Error: Command failed: npm run cy-coverage ./src\n  stderr | src/tests/App.test.tsx > Farewell, front-end\n  Error: Uncaught [Error: useRoutes() may be used only in the context of a <Router> component.]\n      at reportException (/home/marcelo/trybe/Projetos/projetos/frontend/sd-032-a-project-recipes-app-ts/node_modules/jsdom/lib/jsdom/living/helpers/runtime-script-errors.js:66:24)\n      at innerInvokeEventListeners (/home/marcelo/trybe/Projetos/projetos/frontend/sd-032-a-project-recipes-app-ts/node_modules/jsdom/lib/jsdom/living/events/EventTarget-impl.js:353:9)\n      at invokeEventListeners (/home/marcelo/trybe/Projetos/projetos/frontend/sd-032-a-project-recipes-app-ts/node_modules/jsdom/lib/jsdom/living/events/EventTarget-impl.js:286:3)\n      at HTMLUnknownElementImpl._dispatch (/home/marcelo/trybe/Projetos/projetos/frontend/sd-032-a-project-recipes-app-ts/node_modules/jsdom/lib/jsdom/living/events/EventTarget-impl.js:233:9)\n      at HTMLUnknownElementImpl.dispatchEvent (/home/marcelo/trybe/Projetos/projetos/frontend/sd-032-a-project-recipes-app-ts/node_modules/jsdom/lib/jsdom/living/events/EventTarget-impl.js:104:17)\n      at HTMLUnknownElement.dispatchEvent (/home/marcelo/trybe/Projetos/projetos/frontend/sd-032-a-project-recipes-app-ts/node_modules/jsdom/lib/jsdom/living/generated/EventTarget.js:241:34)\n      at Object.invokeGuardedCallbackDev (/home/marcelo/trybe/Projetos/projetos/frontend/sd-032-a-project-recipes-app-ts/node_modules/react-dom/cjs/react-dom.development.js:4213:16)\n      at invokeGuardedCallback (/home/marcelo/trybe/Projetos/projetos/frontend/sd-032-a-project-recipes-app-ts/node_modules/react-dom/cjs/react-dom.development.js:4277:31)\n      at beginWork$1 (/home/marcelo/trybe/Projetos/projetos/frontend/sd-032-a-project-recipes-app-ts/node_modules/react-dom/cjs/react-dom.development.js:27451:7)\n  at performUnitOfWork (/home/marcelo/trybe/Projetos/projetos/frontend/sd-032-a-project-recipes-app-ts/node_modules/react-dom/cjs/react-dom.development.js:26560:12) Error: useRoutes() may be used only in the context of a <Router> component.\n  at Object.invariant [as UNSAFE_invariant] (/home/marcelo/trybe/Projetos/projetos/frontend/sd-032-a-project-recipes-app-ts/node_modules/@remix-run/router/history.ts:480:11)\n  at useRoutesImpl (/home/marcelo/trybe/Projetos/projetos/frontend/sd-032-a-project-recipes-app-ts/node_modules/react-router/lib/hooks.tsx:350:3)\n  at useRoutes (/home/marcelo/trybe/Projetos/projetos/frontend/sd-032-a-project-recipes-app-ts/node_modules/react-router/lib/hooks.tsx:341:10)\n  at Routes (/home/marcelo/trybe/Projetos/projetos/frontend/sd-032-a-project-recipes-app-ts/node_modules/react-router/lib/components.tsx:463:10)\n  at renderWithHooks (/home/marcelo/trybe/Projetos/projetos/frontend/sd-032-a-project-recipes-app-ts/node_modules/react-dom/cjs/react-dom.development.js:16305:18)\n  at mountIndeterminateComponent (/home/marcelo/trybe/Projetos/projetos/frontend/sd-032-a-project-recipes-app-ts/node_modules/react-dom/cjs/react-dom.development.js:20074:13)\n  at beginWork (/home/marcelo/trybe/Projetos/projetos/frontend/sd-032-a-project-recipes-app-ts/node_modules/react-dom/cjs/react-dom.development.js:21587:16)\n  at HTMLUnknownElement.callCallback (/home/marcelo/trybe/Projetos/projetos/frontend/sd-032-a-project-recipes-app-ts/node_modules/react-dom/cjs/react-dom.development.js:4164:14)\n  at HTMLUnknownElement.callTheUserObjectsOperation (/home/marcelo/trybe/Projetos/projetos/frontend/sd-032-a-project-recipes-app-ts/node_modules/jsdom/lib/jsdom/living/generated/EventListener.js:26:30)\n  at innerInvokeEventListeners (/home/marcelo/trybe/Projetos/projetos/frontend/sd-032-a-project-recipes-app-ts/node_modules/jsdom/lib/jsdom/living/events/EventTarget-impl.js:350:25)\n  Error: Uncaught [Error: useRoutes() may be used only in the context of a <Router> component.]\n      at reportException (/home/marcelo/trybe/Projetos/projetos/frontend/sd-032-a-project-recipes-app-ts/node_modules/jsdom/lib/jsdom/living/helpers/runtime-script-errors.js:66:24)\n      at innerInvokeEventListeners (/home/marcelo/trybe/Projetos/projetos/frontend/sd-032-a-project-recipes-app-ts/node_modules/jsdom/lib/jsdom/living/events/EventTarget-impl.js:353:9)\n      at invokeEventListeners (/home/marcelo/trybe/Projetos/projetos/frontend/sd-032-a-project-recipes-app-ts/node_modules/jsdom/lib/jsdom/living/events/EventTarget-impl.js:286:3)\n      at HTMLUnknownElementImpl._dispatch (/home/marcelo/trybe/Projetos/projetos/frontend/sd-032-a-project-recipes-app-ts/node_modules/jsdom/lib/jsdom/living/events/EventTarget-impl.js:233:9)\n      at HTMLUnknownElementImpl.dispatchEvent (/home/marcelo/trybe/Projetos/projetos/frontend/sd-032-a-project-recipes-app-ts/node_modules/jsdom/lib/jsdom/living/events/EventTarget-impl.js:104:17)\n      at HTMLUnknownElement.dispatchEvent (/home/marcelo/trybe/Projetos/projetos/frontend/sd-032-a-project-recipes-app-ts/node_modules/jsdom/lib/jsdom/living/generated/EventTarget.js:241:34)\n      at Object.invokeGuardedCallbackDev (/home/marcelo/trybe/Projetos/projetos/frontend/sd-032-a-project-recipes-app-ts/node_modules/react-dom/cjs/react-dom.development.js:4213:16)\n      at invokeGuardedCallback (/home/marcelo/trybe/Projetos/projetos/frontend/sd-032-a-project-recipes-app-ts/node_modules/react-dom/cjs/react-dom.development.js:4277:31)\n      at beginWork$1 (/home/marcelo/trybe/Projetos/projetos/frontend/sd-032-a-project-recipes-app-ts/node_modules/react-dom/cjs/react-dom.development.js:27451:7)\n  at performUnitOfWork (/home/marcelo/trybe/Projetos/projetos/frontend/sd-032-a-project-recipes-app-ts/node_modules/react-dom/cjs/react-dom.development.js:26560:12) Error: useRoutes() may be used only in the context of a <Router> component.\n  at Object.invariant [as UNSAFE_invariant] (/home/marcelo/trybe/Projetos/projetos/frontend/sd-032-a-project-recipes-app-ts/node_modules/@remix-run/router/history.ts:480:11)\n  at useRoutesImpl (/home/marcelo/trybe/Projetos/projetos/frontend/sd-032-a-project-recipes-app-ts/node_modules/react-router/lib/hooks.tsx:350:3)\n  at useRoutes (/home/marcelo/trybe/Projetos/projetos/frontend/sd-032-a-project-recipes-app-ts/node_modules/react-router/lib/hooks.tsx:341:10)\n  at Routes (/home/marcelo/trybe/Projetos/projetos/frontend/sd-032-a-project-recipes-app-ts/node_modules/react-router/lib/components.tsx:463:10)\n  at renderWithHooks (/home/marcelo/trybe/Projetos/projetos/frontend/sd-032-a-project-recipes-app-ts/node_modules/react-dom/cjs/react-dom.development.js:16305:18)\n  at mountIndeterminateComponent (/home/marcelo/trybe/Projetos/projetos/frontend/sd-032-a-project-recipes-app-ts/node_modules/react-dom/cjs/react-dom.development.js:20074:13)\n  at beginWork (/home/marcelo/trybe/Projetos/projetos/frontend/sd-032-a-project-recipes-app-ts/node_modules/react-dom/cjs/react-dom.development.js:21587:16)\n  at HTMLUnknownElement.callCallback (/home/marcelo/trybe/Projetos/projetos/frontend/sd-032-a-project-recipes-app-ts/node_modules/react-dom/cjs/react-dom.development.js:4164:14)\n  at HTMLUnknownElement.callTheUserObjectsOperation (/home/marcelo/trybe/Projetos/projetos/frontend/sd-032-a-project-recipes-app-ts/node_modules/jsdom/lib/jsdom/living/generated/EventListener.js:26:30)\n  at innerInvokeEventListeners (/home/marcelo/trybe/Projetos/projetos/frontend/sd-032-a-project-recipes-app-ts/node_modules/jsdom/lib/jsdom/living/events/EventTarget-impl.js:350:25)\n  The above error occurred in the <Routes> component:\n  \n      at Routes (/home/marcelo/trybe/Projetos/projetos/frontend/sd-032-a-project-recipes-app-ts/node_modules/react-router/dist/umd/react-router.development.js:1147:7)\n  at App\n  \n  Consider adding an error boundary to your tree to customize error handling behavior.\n  Visit https://reactjs.org/link/error-boundaries to learn more about error boundaries.\n  \n  ⎯⎯⎯⎯⎯⎯⎯ Failed Tests 1 ⎯⎯⎯⎯⎯⎯⎯\n  \n   FAIL  src/tests/App.test.tsx > Farewell, front-end\n  Error: useRoutes() may be used only in the context of a <Router> component.\n   ❯ Object.invariant [as UNSAFE_invariant] node_modules/@remix-run/router/history.ts:480:11\n   ❯ useRoutesImpl node_modules/react-router/lib/hooks.tsx:350:3\n   ❯ useRoutes node_modules/react-router/lib/hooks.tsx:341:10\n   ❯ Routes node_modules/react-router/lib/components.tsx:463:10\n   ❯ renderWithHooks node_modules/react-dom/cjs/react-dom.development.js:16305:18\n   ❯ mountIndeterminateComponent node_modules/react-dom/cjs/react-dom.development.js:20074:13\n   ❯ beginWork node_modules/react-dom/cjs/react-dom.development.js:21587:16\n   ❯ beginWork$1 node_modules/react-dom/cjs/react-dom.development.js:27426:14\n   ❯ performUnitOfWork node_modules/react-dom/cjs/react-dom.development.js:26560:12\n   ❯ workLoopSync node_modules/react-dom/cjs/react-dom.development.js:26466:5\n  \n  ⎯⎯⎯⎯⎯⎯⎯⎯⎯⎯⎯⎯⎯⎯⎯⎯⎯⎯⎯⎯⎯⎯⎯⎯[1/1]⎯\n  \n  \n      at ChildProcess.exithandler (node:child_process:419:12)\n      at ChildProcess.emit (node:events:513:28)\n      at ChildProcess.emit (node:domain:489:12)\n      at maybeClose (node:internal/child_process:1091:16)\n      at Process.ChildProcess._handle.onexit (node:internal/child_process:302:5)",
                "diff": null
              },
              "uuid": "73424f54-e192-490b-9afd-3bc082602548",
              "parentUUID": "1fe3ec76-daff-4b14-a404-322a9ad428dd",
              "isHook": false,
              "skipped": false
            }
          ],
          "suites": [],
          "passes": [
            "fbe28fb8-364b-47a6-a3a2-cc53a668923b"
          ],
          "failures": [
            "18358567-1269-43ac-be9e-a8cfc4ba69ff",
            "73424f54-e192-490b-9afd-3bc082602548"
          ],
          "pending": [],
          "skipped": [],
          "duration": 26714,
          "root": false,
          "rootEmpty": false,
          "_timeout": 2000
        }
      ],
      "passes": [],
      "failures": [],
      "pending": [],
      "skipped": [],
      "duration": 0,
      "root": true,
      "rootEmpty": true,
      "_timeout": 2000
    }
  ],
  "meta": {
    "mocha": {
      "version": "7.0.1"
    },
    "mochawesome": {
      "options": {
        "quiet": false,
        "reportFilename": "mochawesome",
        "saveHtml": false,
        "saveJson": true,
        "consoleReporter": "spec",
        "useInlineDiffs": false,
        "code": true
      },
      "version": "7.1.3"
    },
    "marge": {
      "options": {
        "id": "default",
        "reportDir": "cypress/reports",
        "overwrite": false,
        "html": false,
        "json": true
      },
      "version": "6.2.0"
    }
  }
}