{
  "stats": {
    "suites": 3,
    "tests": 16,
    "passes": 13,
    "pending": 0,
    "failures": 3,
    "start": "2023-08-22T23:21:06.457Z",
    "end": "2023-08-22T23:21:54.804Z",
    "duration": 48347,
    "testsRegistered": 16,
    "passPercent": 81.25,
    "pendingPercent": 0,
    "other": 0,
    "hasOther": false,
    "skipped": 0,
    "hasSkipped": false
  },
  "results": [
    {
      "uuid": "b0542211-e225-4b31-a84e-bb094f902487",
      "title": "",
      "fullFile": "cypress/e2e/16-18.footer.cy.js",
      "file": "cypress/e2e/16-18.footer.cy.js",
      "beforeHooks": [],
      "afterHooks": [],
      "tests": [],
      "suites": [
        {
          "uuid": "fa31f180-b573-4ff2-8394-97cd033401a6",
          "title": "16 - Implemente o menu inferior posicionando-o de forma fixa e contendo 2 ícones: um para comidas e outro para bebidas",
          "fullFile": "",
          "file": "",
          "beforeHooks": [],
          "afterHooks": [],
          "tests": [
            {
              "title": "O menu inferior existe e contém os ícones corretos",
              "fullTitle": "16 - Implemente o menu inferior posicionando-o de forma fixa e contendo 2 ícones: um para comidas e outro para bebidas O menu inferior existe e contém os ícones corretos",
              "timedOut": null,
              "duration": 1787,
              "state": "passed",
              "speed": "fast",
              "pass": true,
              "fail": false,
              "pending": false,
              "context": null,
              "code": "cy.visit('http://localhost:3000/meals');\ncy.get('[data-testid=\"footer\"]');\ncy.get('[data-testid=\"drinks-bottom-btn\"]').should('have.attr', 'src').should('include', 'drinkIcon');\ncy.get('[data-testid=\"meals-bottom-btn\"]').should('have.attr', 'src').should('include', 'mealIcon');",
              "err": {},
              "uuid": "4b6a2378-d928-437a-8081-90d32eb4fc9b",
              "parentUUID": "fa31f180-b573-4ff2-8394-97cd033401a6",
              "isHook": false,
              "skipped": false
            },
            {
              "title": "O menu inferior deve ficar fixado sempre ao final da página",
              "fullTitle": "16 - Implemente o menu inferior posicionando-o de forma fixa e contendo 2 ícones: um para comidas e outro para bebidas O menu inferior deve ficar fixado sempre ao final da página",
              "timedOut": null,
              "duration": 745,
              "state": "passed",
              "speed": "fast",
              "pass": true,
              "fail": false,
              "pending": false,
              "context": null,
              "code": "cy.visit('http://localhost:3000/meals');\ncy.get('[data-testid=\"footer\"]').should('have.css', 'position', 'fixed');\ncy.get('[data-testid=\"footer\"]').should('have.css', 'bottom', '0px');",
              "err": {},
              "uuid": "6a869679-9076-4fc6-812d-fc1ec761a61b",
              "parentUUID": "fa31f180-b573-4ff2-8394-97cd033401a6",
              "isHook": false,
              "skipped": false
            },
            {
              "title": "Verifica a cobertura de 45% do Componente Footer",
              "fullTitle": "16 - Implemente o menu inferior posicionando-o de forma fixa e contendo 2 ícones: um para comidas e outro para bebidas Verifica a cobertura de 45% do Componente Footer",
              "timedOut": null,
              "duration": 10845,
              "state": "failed",
              "speed": null,
              "pass": false,
              "fail": true,
              "pending": false,
              "context": null,
              "code": "cy.getCoverage().its('Footer.functions.pct', {\n  timeout: 0\n}).should('be.gte', 45.00);\ncy.getCoverage().its('Footer.branches.pct', {\n  timeout: 0\n}).should('be.gte', 45.00);",
              "err": {
                "message": "CypressError: `cy.task('getCoverage')` failed with the following error:\n\n> Command failed: npm run cy-coverage ./src\nstderr | src/tests/App.test.tsx > Farewell, front-end\nError: Uncaught [Error: useRoutes() may be used only in the context of a <Router> component.]\n    at reportException (/home/marcelo/trybe/Projetos/projetos/frontend/sd-032-a-project-recipes-app-ts/node_modules/jsdom/lib/jsdom/living/helpers/runtime-script-errors.js:66:24)\n    at innerInvokeEventListeners (/home/marcelo/trybe/Projetos/projetos/frontend/sd-032-a-project-recipes-app-ts/node_modules/jsdom/lib/jsdom/living/events/EventTarget-impl.js:353:9)\n    at invokeEventListeners (/home/marcelo/trybe/Projetos/projetos/frontend/sd-032-a-project-recipes-app-ts/node_modules/jsdom/lib/jsdom/living/events/EventTarget-impl.js:286:3)\n    at HTMLUnknownElementImpl._dispatch (/home/marcelo/trybe/Projetos/projetos/frontend/sd-032-a-project-recipes-app-ts/node_modules/jsdom/lib/jsdom/living/events/EventTarget-impl.js:233:9)\n    at HTMLUnknownElementImpl.dispatchEvent (/home/marcelo/trybe/Projetos/projetos/frontend/sd-032-a-project-recipes-app-ts/node_modules/jsdom/lib/jsdom/living/events/EventTarget-impl.js:104:17)\n    at HTMLUnknownElement.dispatchEvent (/home/marcelo/trybe/Projetos/projetos/frontend/sd-032-a-project-recipes-app-ts/node_modules/jsdom/lib/jsdom/living/generated/EventTarget.js:241:34)\n    at Object.invokeGuardedCallbackDev (/home/marcelo/trybe/Projetos/projetos/frontend/sd-032-a-project-recipes-app-ts/node_modules/react-dom/cjs/react-dom.development.js:4213:16)\n    at invokeGuardedCallback (/home/marcelo/trybe/Projetos/projetos/frontend/sd-032-a-project-recipes-app-ts/node_modules/react-dom/cjs/react-dom.development.js:4277:31)\n    at beginWork$1 (/home/marcelo/trybe/Projetos/projetos/frontend/sd-032-a-project-recipes-app-ts/node_modules/react-dom/cjs/react-dom.development.js:27451:7)\n    at performUnitOfWork (/home/marcelo/trybe/Projetos/projetos/frontend/sd-032-a-project-recipes-app-ts/node_modules/react-dom/cjs/react-dom.development.js:26560:12) Error: useRoutes() may be used only in the context of a <Router> component.\n    at Object.invariant [as UNSAFE_invariant] (/home/marcelo/trybe/Projetos/projetos/frontend/sd-032-a-project-recipes-app-ts/node_modules/@remix-run/router/history.ts:480:11)\n    at useRoutesImpl (/home/marcelo/trybe/Projetos/projetos/frontend/sd-032-a-project-recipes-app-ts/node_modules/react-router/lib/hooks.tsx:350:3)\n    at useRoutes (/home/marcelo/trybe/Projetos/projetos/frontend/sd-032-a-project-recipes-app-ts/node_modules/react-router/lib/hooks.tsx:341:10)\n    at Routes (/home/marcelo/trybe/Projetos/projetos/frontend/sd-032-a-project-recipes-app-ts/node_modules/react-router/lib/components.tsx:463:10)\n    at renderWithHooks (/home/marcelo/trybe/Projetos/projetos/frontend/sd-032-a-project-recipes-app-ts/node_modules/react-dom/cjs/react-dom.development.js:16305:18)\n    at mountIndeterminateComponent (/home/marcelo/trybe/Projetos/projetos/frontend/sd-032-a-project-recipes-app-ts/node_modules/react-dom/cjs/react-dom.development.js:20074:13)\n    at beginWork (/home/marcelo/trybe/Projetos/projetos/frontend/sd-032-a-project-recipes-app-ts/node_modules/react-dom/cjs/react-dom.development.js:21587:16)\n    at HTMLUnknownElement.callCallback (/home/marcelo/trybe/Projetos/projetos/frontend/sd-032-a-project-recipes-app-ts/node_modules/react-dom/cjs/react-dom.development.js:4164:14)\n    at HTMLUnknownElement.callTheUserObjectsOperation (/home/marcelo/trybe/Projetos/projetos/frontend/sd-032-a-project-recipes-app-ts/node_modules/jsdom/lib/jsdom/living/generated/EventListener.js:26:30)\n    at innerInvokeEventListeners (/home/marcelo/trybe/Projetos/projetos/frontend/sd-032-a-project-recipes-app-ts/node_modules/jsdom/lib/jsdom/living/events/EventTarget-impl.js:350:25)\nError: Uncaught [Error: useRoutes() may be used only in the context of a <Router> component.]\n    at reportException (/home/marcelo/trybe/Projetos/projetos/frontend/sd-032-a-project-recipes-app-ts/node_modules/jsdom/lib/jsdom/living/helpers/runtime-script-errors.js:66:24)\n    at innerInvokeEventListeners (/home/marcelo/trybe/Projetos/projetos/frontend/sd-032-a-project-recipes-app-ts/node_modules/jsdom/lib/jsdom/living/events/EventTarget-impl.js:353:9)\n    at invokeEventListeners (/home/marcelo/trybe/Projetos/projetos/frontend/sd-032-a-project-recipes-app-ts/node_modules/jsdom/lib/jsdom/living/events/EventTarget-impl.js:286:3)\n    at HTMLUnknownElementImpl._dispatch (/home/marcelo/trybe/Projetos/projetos/frontend/sd-032-a-project-recipes-app-ts/node_modules/jsdom/lib/jsdom/living/events/EventTarget-impl.js:233:9)\n    at HTMLUnknownElementImpl.dispatchEvent (/home/marcelo/trybe/Projetos/projetos/frontend/sd-032-a-project-recipes-app-ts/node_modules/jsdom/lib/jsdom/living/events/EventTarget-impl.js:104:17)\n    at HTMLUnknownElement.dispatchEvent (/home/marcelo/trybe/Projetos/projetos/frontend/sd-032-a-project-recipes-app-ts/node_modules/jsdom/lib/jsdom/living/generated/EventTarget.js:241:34)\n    at Object.invokeGuardedCallbackDev (/home/marcelo/trybe/Projetos/projetos/frontend/sd-032-a-project-recipes-app-ts/node_modules/react-dom/cjs/react-dom.development.js:4213:16)\n    at invokeGuardedCallback (/home/marcelo/trybe/Projetos/projetos/frontend/sd-032-a-project-recipes-app-ts/node_modules/react-dom/cjs/react-dom.development.js:4277:31)\n    at beginWork$1 (/home/marcelo/trybe/Projetos/projetos/frontend/sd-032-a-project-recipes-app-ts/node_modules/react-dom/cjs/react-dom.development.js:27451:7)\n    at performUnitOfWork (/home/marcelo/trybe/Projetos/projetos/frontend/sd-032-a-project-recipes-app-ts/node_modules/react-dom/cjs/react-dom.development.js:26560:12) Error: useRoutes() may be used only in the context of a <Router> component.\n    at Object.invariant [as UNSAFE_invariant] (/home/marcelo/trybe/Projetos/projetos/frontend/sd-032-a-project-recipes-app-ts/node_modules/@remix-run/router/history.ts:480:11)\n    at useRoutesImpl (/home/marcelo/trybe/Projetos/projetos/frontend/sd-032-a-project-recipes-app-ts/node_modules/react-router/lib/hooks.tsx:350:3)\n    at useRoutes (/home/marcelo/trybe/Projetos/projetos/frontend/sd-032-a-project-recipes-app-ts/node_modules/react-router/lib/hooks.tsx:341:10)\n    at Routes (/home/marcelo/trybe/Projetos/projetos/frontend/sd-032-a-project-recipes-app-ts/node_modules/react-router/lib/components.tsx:463:10)\n    at renderWithHooks (/home/marcelo/trybe/Projetos/projetos/frontend/sd-032-a-project-recipes-app-ts/node_modules/react-dom/cjs/react-dom.development.js:16305:18)\n    at mountIndeterminateComponent (/home/marcelo/trybe/Projetos/projetos/frontend/sd-032-a-project-recipes-app-ts/node_modules/react-dom/cjs/react-dom.development.js:20074:13)\n    at beginWork (/home/marcelo/trybe/Projetos/projetos/frontend/sd-032-a-project-recipes-app-ts/node_modules/react-dom/cjs/react-dom.development.js:21587:16)\n    at HTMLUnknownElement.callCallback (/home/marcelo/trybe/Projetos/projetos/frontend/sd-032-a-project-recipes-app-ts/node_modules/react-dom/cjs/react-dom.development.js:4164:14)\n    at HTMLUnknownElement.callTheUserObjectsOperation (/home/marcelo/trybe/Projetos/projetos/frontend/sd-032-a-project-recipes-app-ts/node_modules/jsdom/lib/jsdom/living/generated/EventListener.js:26:30)\n    at innerInvokeEventListeners (/home/marcelo/trybe/Projetos/projetos/frontend/sd-032-a-project-recipes-app-ts/node_modules/jsdom/lib/jsdom/living/events/EventTarget-impl.js:350:25)\nThe above error occurred in the <Routes> component:\n\n    at Routes (/home/marcelo/trybe/Projetos/projetos/frontend/sd-032-a-project-recipes-app-ts/node_modules/react-router/dist/umd/react-router.development.js:1147:7)\n    at App\n\nConsider adding an error boundary to your tree to customize error handling behavior.\nVisit https://reactjs.org/link/error-boundaries to learn more about error boundaries.\n\n⎯⎯⎯⎯⎯⎯⎯ Failed Tests 1 ⎯⎯⎯⎯⎯⎯⎯\n\n FAIL  src/tests/App.test.tsx > Farewell, front-end\nError: useRoutes() may be used only in the context of a <Router> component.\n ❯ Object.invariant [as UNSAFE_invariant] node_modules/@remix-run/router/history.ts:480:11\n ❯ useRoutesImpl node_modules/react-router/lib/hooks.tsx:350:3\n ❯ useRoutes node_modules/react-router/lib/hooks.tsx:341:10\n ❯ Routes node_modules/react-router/lib/components.tsx:463:10\n ❯ renderWithHooks node_modules/react-dom/cjs/react-dom.development.js:16305:18\n ❯ mountIndeterminateComponent node_modules/react-dom/cjs/react-dom.development.js:20074:13\n ❯ beginWork node_modules/react-dom/cjs/react-dom.development.js:21587:16\n ❯ beginWork$1 node_modules/react-dom/cjs/react-dom.development.js:27426:14\n ❯ performUnitOfWork node_modules/react-dom/cjs/react-dom.development.js:26560:12\n ❯ workLoopSync node_modules/react-dom/cjs/react-dom.development.js:26466:5\n\n⎯⎯⎯⎯⎯⎯⎯⎯⎯⎯⎯⎯⎯⎯⎯⎯⎯⎯⎯⎯⎯⎯⎯⎯[1/1]⎯\n\nhttps://on.cypress.io/api/task",
                "estack": "CypressError: `cy.task('getCoverage')` failed with the following error:\n\n> Command failed: npm run cy-coverage ./src\nstderr | src/tests/App.test.tsx > Farewell, front-end\nError: Uncaught [Error: useRoutes() may be used only in the context of a <Router> component.]\n    at reportException (/home/marcelo/trybe/Projetos/projetos/frontend/sd-032-a-project-recipes-app-ts/node_modules/jsdom/lib/jsdom/living/helpers/runtime-script-errors.js:66:24)\n    at innerInvokeEventListeners (/home/marcelo/trybe/Projetos/projetos/frontend/sd-032-a-project-recipes-app-ts/node_modules/jsdom/lib/jsdom/living/events/EventTarget-impl.js:353:9)\n    at invokeEventListeners (/home/marcelo/trybe/Projetos/projetos/frontend/sd-032-a-project-recipes-app-ts/node_modules/jsdom/lib/jsdom/living/events/EventTarget-impl.js:286:3)\n    at HTMLUnknownElementImpl._dispatch (/home/marcelo/trybe/Projetos/projetos/frontend/sd-032-a-project-recipes-app-ts/node_modules/jsdom/lib/jsdom/living/events/EventTarget-impl.js:233:9)\n    at HTMLUnknownElementImpl.dispatchEvent (/home/marcelo/trybe/Projetos/projetos/frontend/sd-032-a-project-recipes-app-ts/node_modules/jsdom/lib/jsdom/living/events/EventTarget-impl.js:104:17)\n    at HTMLUnknownElement.dispatchEvent (/home/marcelo/trybe/Projetos/projetos/frontend/sd-032-a-project-recipes-app-ts/node_modules/jsdom/lib/jsdom/living/generated/EventTarget.js:241:34)\n    at Object.invokeGuardedCallbackDev (/home/marcelo/trybe/Projetos/projetos/frontend/sd-032-a-project-recipes-app-ts/node_modules/react-dom/cjs/react-dom.development.js:4213:16)\n    at invokeGuardedCallback (/home/marcelo/trybe/Projetos/projetos/frontend/sd-032-a-project-recipes-app-ts/node_modules/react-dom/cjs/react-dom.development.js:4277:31)\n    at beginWork$1 (/home/marcelo/trybe/Projetos/projetos/frontend/sd-032-a-project-recipes-app-ts/node_modules/react-dom/cjs/react-dom.development.js:27451:7)\n    at performUnitOfWork (/home/marcelo/trybe/Projetos/projetos/frontend/sd-032-a-project-recipes-app-ts/node_modules/react-dom/cjs/react-dom.development.js:26560:12) Error: useRoutes() may be used only in the context of a <Router> component.\n    at Object.invariant [as UNSAFE_invariant] (/home/marcelo/trybe/Projetos/projetos/frontend/sd-032-a-project-recipes-app-ts/node_modules/@remix-run/router/history.ts:480:11)\n    at useRoutesImpl (/home/marcelo/trybe/Projetos/projetos/frontend/sd-032-a-project-recipes-app-ts/node_modules/react-router/lib/hooks.tsx:350:3)\n    at useRoutes (/home/marcelo/trybe/Projetos/projetos/frontend/sd-032-a-project-recipes-app-ts/node_modules/react-router/lib/hooks.tsx:341:10)\n    at Routes (/home/marcelo/trybe/Projetos/projetos/frontend/sd-032-a-project-recipes-app-ts/node_modules/react-router/lib/components.tsx:463:10)\n    at renderWithHooks (/home/marcelo/trybe/Projetos/projetos/frontend/sd-032-a-project-recipes-app-ts/node_modules/react-dom/cjs/react-dom.development.js:16305:18)\n    at mountIndeterminateComponent (/home/marcelo/trybe/Projetos/projetos/frontend/sd-032-a-project-recipes-app-ts/node_modules/react-dom/cjs/react-dom.development.js:20074:13)\n    at beginWork (/home/marcelo/trybe/Projetos/projetos/frontend/sd-032-a-project-recipes-app-ts/node_modules/react-dom/cjs/react-dom.development.js:21587:16)\n    at HTMLUnknownElement.callCallback (/home/marcelo/trybe/Projetos/projetos/frontend/sd-032-a-project-recipes-app-ts/node_modules/react-dom/cjs/react-dom.development.js:4164:14)\n    at HTMLUnknownElement.callTheUserObjectsOperation (/home/marcelo/trybe/Projetos/projetos/frontend/sd-032-a-project-recipes-app-ts/node_modules/jsdom/lib/jsdom/living/generated/EventListener.js:26:30)\n    at innerInvokeEventListeners (/home/marcelo/trybe/Projetos/projetos/frontend/sd-032-a-project-recipes-app-ts/node_modules/jsdom/lib/jsdom/living/events/EventTarget-impl.js:350:25)\nError: Uncaught [Error: useRoutes() may be used only in the context of a <Router> component.]\n    at reportException (/home/marcelo/trybe/Projetos/projetos/frontend/sd-032-a-project-recipes-app-ts/node_modules/jsdom/lib/jsdom/living/helpers/runtime-script-errors.js:66:24)\n    at innerInvokeEventListeners (/home/marcelo/trybe/Projetos/projetos/frontend/sd-032-a-project-recipes-app-ts/node_modules/jsdom/lib/jsdom/living/events/EventTarget-impl.js:353:9)\n    at invokeEventListeners (/home/marcelo/trybe/Projetos/projetos/frontend/sd-032-a-project-recipes-app-ts/node_modules/jsdom/lib/jsdom/living/events/EventTarget-impl.js:286:3)\n    at HTMLUnknownElementImpl._dispatch (/home/marcelo/trybe/Projetos/projetos/frontend/sd-032-a-project-recipes-app-ts/node_modules/jsdom/lib/jsdom/living/events/EventTarget-impl.js:233:9)\n    at HTMLUnknownElementImpl.dispatchEvent (/home/marcelo/trybe/Projetos/projetos/frontend/sd-032-a-project-recipes-app-ts/node_modules/jsdom/lib/jsdom/living/events/EventTarget-impl.js:104:17)\n    at HTMLUnknownElement.dispatchEvent (/home/marcelo/trybe/Projetos/projetos/frontend/sd-032-a-project-recipes-app-ts/node_modules/jsdom/lib/jsdom/living/generated/EventTarget.js:241:34)\n    at Object.invokeGuardedCallbackDev (/home/marcelo/trybe/Projetos/projetos/frontend/sd-032-a-project-recipes-app-ts/node_modules/react-dom/cjs/react-dom.development.js:4213:16)\n    at invokeGuardedCallback (/home/marcelo/trybe/Projetos/projetos/frontend/sd-032-a-project-recipes-app-ts/node_modules/react-dom/cjs/react-dom.development.js:4277:31)\n    at beginWork$1 (/home/marcelo/trybe/Projetos/projetos/frontend/sd-032-a-project-recipes-app-ts/node_modules/react-dom/cjs/react-dom.development.js:27451:7)\n    at performUnitOfWork (/home/marcelo/trybe/Projetos/projetos/frontend/sd-032-a-project-recipes-app-ts/node_modules/react-dom/cjs/react-dom.development.js:26560:12) Error: useRoutes() may be used only in the context of a <Router> component.\n    at Object.invariant [as UNSAFE_invariant] (/home/marcelo/trybe/Projetos/projetos/frontend/sd-032-a-project-recipes-app-ts/node_modules/@remix-run/router/history.ts:480:11)\n    at useRoutesImpl (/home/marcelo/trybe/Projetos/projetos/frontend/sd-032-a-project-recipes-app-ts/node_modules/react-router/lib/hooks.tsx:350:3)\n    at useRoutes (/home/marcelo/trybe/Projetos/projetos/frontend/sd-032-a-project-recipes-app-ts/node_modules/react-router/lib/hooks.tsx:341:10)\n    at Routes (/home/marcelo/trybe/Projetos/projetos/frontend/sd-032-a-project-recipes-app-ts/node_modules/react-router/lib/components.tsx:463:10)\n    at renderWithHooks (/home/marcelo/trybe/Projetos/projetos/frontend/sd-032-a-project-recipes-app-ts/node_modules/react-dom/cjs/react-dom.development.js:16305:18)\n    at mountIndeterminateComponent (/home/marcelo/trybe/Projetos/projetos/frontend/sd-032-a-project-recipes-app-ts/node_modules/react-dom/cjs/react-dom.development.js:20074:13)\n    at beginWork (/home/marcelo/trybe/Projetos/projetos/frontend/sd-032-a-project-recipes-app-ts/node_modules/react-dom/cjs/react-dom.development.js:21587:16)\n    at HTMLUnknownElement.callCallback (/home/marcelo/trybe/Projetos/projetos/frontend/sd-032-a-project-recipes-app-ts/node_modules/react-dom/cjs/react-dom.development.js:4164:14)\n    at HTMLUnknownElement.callTheUserObjectsOperation (/home/marcelo/trybe/Projetos/projetos/frontend/sd-032-a-project-recipes-app-ts/node_modules/jsdom/lib/jsdom/living/generated/EventListener.js:26:30)\n    at innerInvokeEventListeners (/home/marcelo/trybe/Projetos/projetos/frontend/sd-032-a-project-recipes-app-ts/node_modules/jsdom/lib/jsdom/living/events/EventTarget-impl.js:350:25)\nThe above error occurred in the <Routes> component:\n\n    at Routes (/home/marcelo/trybe/Projetos/projetos/frontend/sd-032-a-project-recipes-app-ts/node_modules/react-router/dist/umd/react-router.development.js:1147:7)\n    at App\n\nConsider adding an error boundary to your tree to customize error handling behavior.\nVisit https://reactjs.org/link/error-boundaries to learn more about error boundaries.\n\n⎯⎯⎯⎯⎯⎯⎯ Failed Tests 1 ⎯⎯⎯⎯⎯⎯⎯\n\n FAIL  src/tests/App.test.tsx > Farewell, front-end\nError: useRoutes() may be used only in the context of a <Router> component.\n ❯ Object.invariant [as UNSAFE_invariant] node_modules/@remix-run/router/history.ts:480:11\n ❯ useRoutesImpl node_modules/react-router/lib/hooks.tsx:350:3\n ❯ useRoutes node_modules/react-router/lib/hooks.tsx:341:10\n ❯ Routes node_modules/react-router/lib/components.tsx:463:10\n ❯ renderWithHooks node_modules/react-dom/cjs/react-dom.development.js:16305:18\n ❯ mountIndeterminateComponent node_modules/react-dom/cjs/react-dom.development.js:20074:13\n ❯ beginWork node_modules/react-dom/cjs/react-dom.development.js:21587:16\n ❯ beginWork$1 node_modules/react-dom/cjs/react-dom.development.js:27426:14\n ❯ performUnitOfWork node_modules/react-dom/cjs/react-dom.development.js:26560:12\n ❯ workLoopSync node_modules/react-dom/cjs/react-dom.development.js:26466:5\n\n⎯⎯⎯⎯⎯⎯⎯⎯⎯⎯⎯⎯⎯⎯⎯⎯⎯⎯⎯⎯⎯⎯⎯⎯[1/1]⎯\n\nhttps://on.cypress.io/api/task\n    at <unknown> (http://localhost:3000/__cypress/runner/cypress_runner.js:145912:78)\n    at tryCatcher (http://localhost:3000/__cypress/runner/cypress_runner.js:11318:23)\n    at Promise._settlePromiseFromHandler (http://localhost:3000/__cypress/runner/cypress_runner.js:9253:31)\n    at Promise._settlePromise (http://localhost:3000/__cypress/runner/cypress_runner.js:9310:18)\n    at Promise._settlePromise0 (http://localhost:3000/__cypress/runner/cypress_runner.js:9355:10)\n    at Promise._settlePromises (http://localhost:3000/__cypress/runner/cypress_runner.js:9431:18)\n    at _drainQueueStep (http://localhost:3000/__cypress/runner/cypress_runner.js:6025:12)\n    at _drainQueue (http://localhost:3000/__cypress/runner/cypress_runner.js:6018:9)\n    at ../../node_modules/bluebird/js/release/async.js.Async._drainQueues (http://localhost:3000/__cypress/runner/cypress_runner.js:6034:5)\n    at Async.drainQueues (http://localhost:3000/__cypress/runner/cypress_runner.js:5904:14)\nFrom Your Spec Code:\n    at Context.eval (webpack:///./cypress/support/commands.js:26:45)\n\nFrom Node.js Internals:\n  Error: Command failed: npm run cy-coverage ./src\n  stderr | src/tests/App.test.tsx > Farewell, front-end\n  Error: Uncaught [Error: useRoutes() may be used only in the context of a <Router> component.]\n      at reportException (/home/marcelo/trybe/Projetos/projetos/frontend/sd-032-a-project-recipes-app-ts/node_modules/jsdom/lib/jsdom/living/helpers/runtime-script-errors.js:66:24)\n      at innerInvokeEventListeners (/home/marcelo/trybe/Projetos/projetos/frontend/sd-032-a-project-recipes-app-ts/node_modules/jsdom/lib/jsdom/living/events/EventTarget-impl.js:353:9)\n      at invokeEventListeners (/home/marcelo/trybe/Projetos/projetos/frontend/sd-032-a-project-recipes-app-ts/node_modules/jsdom/lib/jsdom/living/events/EventTarget-impl.js:286:3)\n      at HTMLUnknownElementImpl._dispatch (/home/marcelo/trybe/Projetos/projetos/frontend/sd-032-a-project-recipes-app-ts/node_modules/jsdom/lib/jsdom/living/events/EventTarget-impl.js:233:9)\n      at HTMLUnknownElementImpl.dispatchEvent (/home/marcelo/trybe/Projetos/projetos/frontend/sd-032-a-project-recipes-app-ts/node_modules/jsdom/lib/jsdom/living/events/EventTarget-impl.js:104:17)\n      at HTMLUnknownElement.dispatchEvent (/home/marcelo/trybe/Projetos/projetos/frontend/sd-032-a-project-recipes-app-ts/node_modules/jsdom/lib/jsdom/living/generated/EventTarget.js:241:34)\n      at Object.invokeGuardedCallbackDev (/home/marcelo/trybe/Projetos/projetos/frontend/sd-032-a-project-recipes-app-ts/node_modules/react-dom/cjs/react-dom.development.js:4213:16)\n      at invokeGuardedCallback (/home/marcelo/trybe/Projetos/projetos/frontend/sd-032-a-project-recipes-app-ts/node_modules/react-dom/cjs/react-dom.development.js:4277:31)\n      at beginWork$1 (/home/marcelo/trybe/Projetos/projetos/frontend/sd-032-a-project-recipes-app-ts/node_modules/react-dom/cjs/react-dom.development.js:27451:7)\n  at performUnitOfWork (/home/marcelo/trybe/Projetos/projetos/frontend/sd-032-a-project-recipes-app-ts/node_modules/react-dom/cjs/react-dom.development.js:26560:12) Error: useRoutes() may be used only in the context of a <Router> component.\n  at Object.invariant [as UNSAFE_invariant] (/home/marcelo/trybe/Projetos/projetos/frontend/sd-032-a-project-recipes-app-ts/node_modules/@remix-run/router/history.ts:480:11)\n  at useRoutesImpl (/home/marcelo/trybe/Projetos/projetos/frontend/sd-032-a-project-recipes-app-ts/node_modules/react-router/lib/hooks.tsx:350:3)\n  at useRoutes (/home/marcelo/trybe/Projetos/projetos/frontend/sd-032-a-project-recipes-app-ts/node_modules/react-router/lib/hooks.tsx:341:10)\n  at Routes (/home/marcelo/trybe/Projetos/projetos/frontend/sd-032-a-project-recipes-app-ts/node_modules/react-router/lib/components.tsx:463:10)\n  at renderWithHooks (/home/marcelo/trybe/Projetos/projetos/frontend/sd-032-a-project-recipes-app-ts/node_modules/react-dom/cjs/react-dom.development.js:16305:18)\n  at mountIndeterminateComponent (/home/marcelo/trybe/Projetos/projetos/frontend/sd-032-a-project-recipes-app-ts/node_modules/react-dom/cjs/react-dom.development.js:20074:13)\n  at beginWork (/home/marcelo/trybe/Projetos/projetos/frontend/sd-032-a-project-recipes-app-ts/node_modules/react-dom/cjs/react-dom.development.js:21587:16)\n  at HTMLUnknownElement.callCallback (/home/marcelo/trybe/Projetos/projetos/frontend/sd-032-a-project-recipes-app-ts/node_modules/react-dom/cjs/react-dom.development.js:4164:14)\n  at HTMLUnknownElement.callTheUserObjectsOperation (/home/marcelo/trybe/Projetos/projetos/frontend/sd-032-a-project-recipes-app-ts/node_modules/jsdom/lib/jsdom/living/generated/EventListener.js:26:30)\n  at innerInvokeEventListeners (/home/marcelo/trybe/Projetos/projetos/frontend/sd-032-a-project-recipes-app-ts/node_modules/jsdom/lib/jsdom/living/events/EventTarget-impl.js:350:25)\n  Error: Uncaught [Error: useRoutes() may be used only in the context of a <Router> component.]\n      at reportException (/home/marcelo/trybe/Projetos/projetos/frontend/sd-032-a-project-recipes-app-ts/node_modules/jsdom/lib/jsdom/living/helpers/runtime-script-errors.js:66:24)\n      at innerInvokeEventListeners (/home/marcelo/trybe/Projetos/projetos/frontend/sd-032-a-project-recipes-app-ts/node_modules/jsdom/lib/jsdom/living/events/EventTarget-impl.js:353:9)\n      at invokeEventListeners (/home/marcelo/trybe/Projetos/projetos/frontend/sd-032-a-project-recipes-app-ts/node_modules/jsdom/lib/jsdom/living/events/EventTarget-impl.js:286:3)\n      at HTMLUnknownElementImpl._dispatch (/home/marcelo/trybe/Projetos/projetos/frontend/sd-032-a-project-recipes-app-ts/node_modules/jsdom/lib/jsdom/living/events/EventTarget-impl.js:233:9)\n      at HTMLUnknownElementImpl.dispatchEvent (/home/marcelo/trybe/Projetos/projetos/frontend/sd-032-a-project-recipes-app-ts/node_modules/jsdom/lib/jsdom/living/events/EventTarget-impl.js:104:17)\n      at HTMLUnknownElement.dispatchEvent (/home/marcelo/trybe/Projetos/projetos/frontend/sd-032-a-project-recipes-app-ts/node_modules/jsdom/lib/jsdom/living/generated/EventTarget.js:241:34)\n      at Object.invokeGuardedCallbackDev (/home/marcelo/trybe/Projetos/projetos/frontend/sd-032-a-project-recipes-app-ts/node_modules/react-dom/cjs/react-dom.development.js:4213:16)\n      at invokeGuardedCallback (/home/marcelo/trybe/Projetos/projetos/frontend/sd-032-a-project-recipes-app-ts/node_modules/react-dom/cjs/react-dom.development.js:4277:31)\n      at beginWork$1 (/home/marcelo/trybe/Projetos/projetos/frontend/sd-032-a-project-recipes-app-ts/node_modules/react-dom/cjs/react-dom.development.js:27451:7)\n  at performUnitOfWork (/home/marcelo/trybe/Projetos/projetos/frontend/sd-032-a-project-recipes-app-ts/node_modules/react-dom/cjs/react-dom.development.js:26560:12) Error: useRoutes() may be used only in the context of a <Router> component.\n  at Object.invariant [as UNSAFE_invariant] (/home/marcelo/trybe/Projetos/projetos/frontend/sd-032-a-project-recipes-app-ts/node_modules/@remix-run/router/history.ts:480:11)\n  at useRoutesImpl (/home/marcelo/trybe/Projetos/projetos/frontend/sd-032-a-project-recipes-app-ts/node_modules/react-router/lib/hooks.tsx:350:3)\n  at useRoutes (/home/marcelo/trybe/Projetos/projetos/frontend/sd-032-a-project-recipes-app-ts/node_modules/react-router/lib/hooks.tsx:341:10)\n  at Routes (/home/marcelo/trybe/Projetos/projetos/frontend/sd-032-a-project-recipes-app-ts/node_modules/react-router/lib/components.tsx:463:10)\n  at renderWithHooks (/home/marcelo/trybe/Projetos/projetos/frontend/sd-032-a-project-recipes-app-ts/node_modules/react-dom/cjs/react-dom.development.js:16305:18)\n  at mountIndeterminateComponent (/home/marcelo/trybe/Projetos/projetos/frontend/sd-032-a-project-recipes-app-ts/node_modules/react-dom/cjs/react-dom.development.js:20074:13)\n  at beginWork (/home/marcelo/trybe/Projetos/projetos/frontend/sd-032-a-project-recipes-app-ts/node_modules/react-dom/cjs/react-dom.development.js:21587:16)\n  at HTMLUnknownElement.callCallback (/home/marcelo/trybe/Projetos/projetos/frontend/sd-032-a-project-recipes-app-ts/node_modules/react-dom/cjs/react-dom.development.js:4164:14)\n  at HTMLUnknownElement.callTheUserObjectsOperation (/home/marcelo/trybe/Projetos/projetos/frontend/sd-032-a-project-recipes-app-ts/node_modules/jsdom/lib/jsdom/living/generated/EventListener.js:26:30)\n  at innerInvokeEventListeners (/home/marcelo/trybe/Projetos/projetos/frontend/sd-032-a-project-recipes-app-ts/node_modules/jsdom/lib/jsdom/living/events/EventTarget-impl.js:350:25)\n  The above error occurred in the <Routes> component:\n  \n      at Routes (/home/marcelo/trybe/Projetos/projetos/frontend/sd-032-a-project-recipes-app-ts/node_modules/react-router/dist/umd/react-router.development.js:1147:7)\n  at App\n  \n  Consider adding an error boundary to your tree to customize error handling behavior.\n  Visit https://reactjs.org/link/error-boundaries to learn more about error boundaries.\n  \n  ⎯⎯⎯⎯⎯⎯⎯ Failed Tests 1 ⎯⎯⎯⎯⎯⎯⎯\n  \n   FAIL  src/tests/App.test.tsx > Farewell, front-end\n  Error: useRoutes() may be used only in the context of a <Router> component.\n   ❯ Object.invariant [as UNSAFE_invariant] node_modules/@remix-run/router/history.ts:480:11\n   ❯ useRoutesImpl node_modules/react-router/lib/hooks.tsx:350:3\n   ❯ useRoutes node_modules/react-router/lib/hooks.tsx:341:10\n   ❯ Routes node_modules/react-router/lib/components.tsx:463:10\n   ❯ renderWithHooks node_modules/react-dom/cjs/react-dom.development.js:16305:18\n   ❯ mountIndeterminateComponent node_modules/react-dom/cjs/react-dom.development.js:20074:13\n   ❯ beginWork node_modules/react-dom/cjs/react-dom.development.js:21587:16\n   ❯ beginWork$1 node_modules/react-dom/cjs/react-dom.development.js:27426:14\n   ❯ performUnitOfWork node_modules/react-dom/cjs/react-dom.development.js:26560:12\n   ❯ workLoopSync node_modules/react-dom/cjs/react-dom.development.js:26466:5\n  \n  ⎯⎯⎯⎯⎯⎯⎯⎯⎯⎯⎯⎯⎯⎯⎯⎯⎯⎯⎯⎯⎯⎯⎯⎯[1/1]⎯\n  \n  \n      at ChildProcess.exithandler (node:child_process:419:12)\n      at ChildProcess.emit (node:events:513:28)\n      at ChildProcess.emit (node:domain:489:12)\n      at maybeClose (node:internal/child_process:1091:16)\n      at Process.ChildProcess._handle.onexit (node:internal/child_process:302:5)",
                "diff": null
              },
              "uuid": "5f2cad73-6e40-4157-bc28-7b70fef106b8",
              "parentUUID": "fa31f180-b573-4ff2-8394-97cd033401a6",
              "isHook": false,
              "skipped": false
            }
          ],
          "suites": [],
          "passes": [
            "4b6a2378-d928-437a-8081-90d32eb4fc9b",
            "6a869679-9076-4fc6-812d-fc1ec761a61b"
          ],
          "failures": [
            "5f2cad73-6e40-4157-bc28-7b70fef106b8"
          ],
          "pending": [],
          "skipped": [],
          "duration": 13377,
          "root": false,
          "rootEmpty": false,
          "_timeout": 2000
        },
        {
          "uuid": "29cbfced-9134-429d-8eea-0371cd9ad705",
          "title": "17 - Exiba o menu inferior apenas nas telas indicadas pelo protótipo",
          "fullFile": "",
          "file": "",
          "beforeHooks": [],
          "afterHooks": [],
          "tests": [
            {
              "title": "Rota \"/\": não deve ter footer",
              "fullTitle": "17 - Exiba o menu inferior apenas nas telas indicadas pelo protótipo Rota \"/\": não deve ter footer",
              "timedOut": null,
              "duration": 805,
              "state": "passed",
              "speed": "fast",
              "pass": true,
              "fail": false,
              "pending": false,
              "context": null,
              "code": "cy.visit('http://localhost:3000/');\nhasNoFooter();",
              "err": {},
              "uuid": "48432905-4c47-4585-b695-f90f2b4a3c2e",
              "parentUUID": "29cbfced-9134-429d-8eea-0371cd9ad705",
              "isHook": false,
              "skipped": false
            },
            {
              "title": "Rota \"/meals\": deve ter footer",
              "fullTitle": "17 - Exiba o menu inferior apenas nas telas indicadas pelo protótipo Rota \"/meals\": deve ter footer",
              "timedOut": null,
              "duration": 640,
              "state": "passed",
              "speed": "fast",
              "pass": true,
              "fail": false,
              "pending": false,
              "context": null,
              "code": "visitWithLocalStorage('http://localhost:3000/meals');\nhasFooter();",
              "err": {},
              "uuid": "887eada0-8d1b-4b00-99a7-d6deb1b936a0",
              "parentUUID": "29cbfced-9134-429d-8eea-0371cd9ad705",
              "isHook": false,
              "skipped": false
            },
            {
              "title": "Rota \"/drinks\": deve ter footer",
              "fullTitle": "17 - Exiba o menu inferior apenas nas telas indicadas pelo protótipo Rota \"/drinks\": deve ter footer",
              "timedOut": null,
              "duration": 688,
              "state": "passed",
              "speed": "fast",
              "pass": true,
              "fail": false,
              "pending": false,
              "context": null,
              "code": "visitWithLocalStorage('http://localhost:3000/drinks');\nhasFooter();",
              "err": {},
              "uuid": "70bc673d-a962-4434-bc28-8af4f86bd1e5",
              "parentUUID": "29cbfced-9134-429d-8eea-0371cd9ad705",
              "isHook": false,
              "skipped": false
            },
            {
              "title": "Rota \"/meals/{id-da-receita}\": não deve ter footer",
              "fullTitle": "17 - Exiba o menu inferior apenas nas telas indicadas pelo protótipo Rota \"/meals/{id-da-receita}\": não deve ter footer",
              "timedOut": null,
              "duration": 674,
              "state": "passed",
              "speed": "fast",
              "pass": true,
              "fail": false,
              "pending": false,
              "context": null,
              "code": "visitWithLocalStorage('http://localhost:3000/meals/52771');\nhasNoFooter();",
              "err": {},
              "uuid": "07c58218-2b9e-4d59-abf7-0176094e5144",
              "parentUUID": "29cbfced-9134-429d-8eea-0371cd9ad705",
              "isHook": false,
              "skipped": false
            },
            {
              "title": "Rota \"drinks/{id-da-receita}\": não deve ter footer",
              "fullTitle": "17 - Exiba o menu inferior apenas nas telas indicadas pelo protótipo Rota \"drinks/{id-da-receita}\": não deve ter footer",
              "timedOut": null,
              "duration": 641,
              "state": "passed",
              "speed": "fast",
              "pass": true,
              "fail": false,
              "pending": false,
              "context": null,
              "code": "visitWithLocalStorage('http://localhost:3000/drinks/178319');\nhasNoFooter();",
              "err": {},
              "uuid": "4531ca3b-424c-44e5-84c6-75d6666d9c5d",
              "parentUUID": "29cbfced-9134-429d-8eea-0371cd9ad705",
              "isHook": false,
              "skipped": false
            },
            {
              "title": "Rota \"/meals/{id-da-receita}/in-progress\": não deve ter footer",
              "fullTitle": "17 - Exiba o menu inferior apenas nas telas indicadas pelo protótipo Rota \"/meals/{id-da-receita}/in-progress\": não deve ter footer",
              "timedOut": null,
              "duration": 651,
              "state": "passed",
              "speed": "fast",
              "pass": true,
              "fail": false,
              "pending": false,
              "context": null,
              "code": "visitWithLocalStorage('http://localhost:3000/meals/52771/in-progress');\nhasNoFooter();",
              "err": {},
              "uuid": "63bdb7d5-fa0f-49ac-a1dc-61d047284540",
              "parentUUID": "29cbfced-9134-429d-8eea-0371cd9ad705",
              "isHook": false,
              "skipped": false
            },
            {
              "title": "Rota \"/drinks/{id-da-receita}/in-progress\": não deve ter footer",
              "fullTitle": "17 - Exiba o menu inferior apenas nas telas indicadas pelo protótipo Rota \"/drinks/{id-da-receita}/in-progress\": não deve ter footer",
              "timedOut": null,
              "duration": 712,
              "state": "passed",
              "speed": "fast",
              "pass": true,
              "fail": false,
              "pending": false,
              "context": null,
              "code": "visitWithLocalStorage('http://localhost:3000/drinks/178319/in-progress');\nhasNoFooter();",
              "err": {},
              "uuid": "8f5868d1-6f29-4793-9e2d-603f7c993b81",
              "parentUUID": "29cbfced-9134-429d-8eea-0371cd9ad705",
              "isHook": false,
              "skipped": false
            },
            {
              "title": "Rota \"/profile\": deve ter footer",
              "fullTitle": "17 - Exiba o menu inferior apenas nas telas indicadas pelo protótipo Rota \"/profile\": deve ter footer",
              "timedOut": null,
              "duration": 10657,
              "state": "failed",
              "speed": null,
              "pass": false,
              "fail": true,
              "pending": false,
              "context": null,
              "code": "visitWithLocalStorage('http://localhost:3000/profile');\nhasFooter();",
              "err": {
                "message": "AssertionError: Timed out retrying after 10000ms: Expected to find element: `[data-testid=\"footer\"]`, but never found it.",
                "estack": "AssertionError: Timed out retrying after 10000ms: Expected to find element: `[data-testid=\"footer\"]`, but never found it.\n    at hasFooter (webpack:///./cypress/e2e/16-18.footer.cy.js:39:7)\n    at Context.eval (webpack:///./cypress/e2e/16-18.footer.cy.js:100:4)",
                "diff": null
              },
              "uuid": "35041e05-7789-4c36-8a19-55a0dc6f4aff",
              "parentUUID": "29cbfced-9134-429d-8eea-0371cd9ad705",
              "isHook": false,
              "skipped": false
            },
            {
              "title": "Rota \"/done-recipes\": não deve ter footer",
              "fullTitle": "17 - Exiba o menu inferior apenas nas telas indicadas pelo protótipo Rota \"/done-recipes\": não deve ter footer",
              "timedOut": null,
              "duration": 705,
              "state": "passed",
              "speed": "fast",
              "pass": true,
              "fail": false,
              "pending": false,
              "context": null,
              "code": "visitWithLocalStorage('http://localhost:3000/done-recipes');\nhasNoFooter();",
              "err": {},
              "uuid": "f533f330-38f5-47c6-b2f2-942240d49e17",
              "parentUUID": "29cbfced-9134-429d-8eea-0371cd9ad705",
              "isHook": false,
              "skipped": false
            },
            {
              "title": "Rota \"/favorite-recipes\": não deve ter footer",
              "fullTitle": "17 - Exiba o menu inferior apenas nas telas indicadas pelo protótipo Rota \"/favorite-recipes\": não deve ter footer",
              "timedOut": null,
              "duration": 711,
              "state": "passed",
              "speed": "fast",
              "pass": true,
              "fail": false,
              "pending": false,
              "context": null,
              "code": "visitWithLocalStorage('http://localhost:3000/favorite-recipes');\nhasNoFooter();",
              "err": {},
              "uuid": "2077469c-d7db-45bc-bffa-9264ded25049",
              "parentUUID": "29cbfced-9134-429d-8eea-0371cd9ad705",
              "isHook": false,
              "skipped": false
            }
          ],
          "suites": [],
          "passes": [
            "48432905-4c47-4585-b695-f90f2b4a3c2e",
            "887eada0-8d1b-4b00-99a7-d6deb1b936a0",
            "70bc673d-a962-4434-bc28-8af4f86bd1e5",
            "07c58218-2b9e-4d59-abf7-0176094e5144",
            "4531ca3b-424c-44e5-84c6-75d6666d9c5d",
            "63bdb7d5-fa0f-49ac-a1dc-61d047284540",
            "8f5868d1-6f29-4793-9e2d-603f7c993b81",
            "f533f330-38f5-47c6-b2f2-942240d49e17",
            "2077469c-d7db-45bc-bffa-9264ded25049"
          ],
          "failures": [
            "35041e05-7789-4c36-8a19-55a0dc6f4aff"
          ],
          "pending": [],
          "skipped": [],
          "duration": 16884,
          "root": false,
          "rootEmpty": false,
          "_timeout": 2000
        },
        {
          "uuid": "f9d8f634-57ac-468f-bdf5-ce51d3446c33",
          "title": "18 - Redirecione a pessoa usuária para a tela correta ao clicar em cada ícone no menu inferior",
          "fullFile": "",
          "file": "",
          "beforeHooks": [],
          "afterHooks": [],
          "tests": [
            {
              "title": "Redireciona para a lista de bebidas ao clicar no ícone de bebidas",
              "fullTitle": "18 - Redirecione a pessoa usuária para a tela correta ao clicar em cada ícone no menu inferior Redireciona para a lista de bebidas ao clicar no ícone de bebidas",
              "timedOut": null,
              "duration": 852,
              "state": "passed",
              "speed": "fast",
              "pass": true,
              "fail": false,
              "pending": false,
              "context": null,
              "code": "cy.visit('http://localhost:3000/meals');\ncy.get('[data-testid=\"drinks-bottom-btn\"]').click();\ncy.location().should(loc => expect(loc.pathname).to.eq('/drinks'));",
              "err": {},
              "uuid": "baa63cdd-c84e-4c06-9a90-8a9d6a8260c0",
              "parentUUID": "f9d8f634-57ac-468f-bdf5-ce51d3446c33",
              "isHook": false,
              "skipped": false
            },
            {
              "title": "Redireciona para a lista de comidas ao clicar no ícone de comidas",
              "fullTitle": "18 - Redirecione a pessoa usuária para a tela correta ao clicar em cada ícone no menu inferior Redireciona para a lista de comidas ao clicar no ícone de comidas",
              "timedOut": null,
              "duration": 850,
              "state": "passed",
              "speed": "fast",
              "pass": true,
              "fail": false,
              "pending": false,
              "context": null,
              "code": "cy.visit('http://localhost:3000/drinks');\ncy.get('[data-testid=\"meals-bottom-btn\"]').click();\ncy.location().should(loc => expect(loc.pathname).to.eq('/meals'));",
              "err": {},
              "uuid": "6f69cf7d-dac7-4d3f-ae23-a1ad726becd0",
              "parentUUID": "f9d8f634-57ac-468f-bdf5-ce51d3446c33",
              "isHook": false,
              "skipped": false
            },
            {
              "title": "Verifica a cobertura de 90% do Componente Footer",
              "fullTitle": "18 - Redirecione a pessoa usuária para a tela correta ao clicar em cada ícone no menu inferior Verifica a cobertura de 90% do Componente Footer",
              "timedOut": null,
              "duration": 11130,
              "state": "failed",
              "speed": null,
              "pass": false,
              "fail": true,
              "pending": false,
              "context": null,
              "code": "cy.getCoverage().its('Footer.functions.pct', {\n  timeout: 0\n}).should('be.gte', 90.00);\ncy.getCoverage().its('Footer.branches.pct', {\n  timeout: 0\n}).should('be.gte', 90.00);",
              "err": {
                "message": "CypressError: `cy.task('getCoverage')` failed with the following error:\n\n> Command failed: npm run cy-coverage ./src\nstderr | src/tests/App.test.tsx > Farewell, front-end\nError: Uncaught [Error: useRoutes() may be used only in the context of a <Router> component.]\n    at reportException (/home/marcelo/trybe/Projetos/projetos/frontend/sd-032-a-project-recipes-app-ts/node_modules/jsdom/lib/jsdom/living/helpers/runtime-script-errors.js:66:24)\n    at innerInvokeEventListeners (/home/marcelo/trybe/Projetos/projetos/frontend/sd-032-a-project-recipes-app-ts/node_modules/jsdom/lib/jsdom/living/events/EventTarget-impl.js:353:9)\n    at invokeEventListeners (/home/marcelo/trybe/Projetos/projetos/frontend/sd-032-a-project-recipes-app-ts/node_modules/jsdom/lib/jsdom/living/events/EventTarget-impl.js:286:3)\n    at HTMLUnknownElementImpl._dispatch (/home/marcelo/trybe/Projetos/projetos/frontend/sd-032-a-project-recipes-app-ts/node_modules/jsdom/lib/jsdom/living/events/EventTarget-impl.js:233:9)\n    at HTMLUnknownElementImpl.dispatchEvent (/home/marcelo/trybe/Projetos/projetos/frontend/sd-032-a-project-recipes-app-ts/node_modules/jsdom/lib/jsdom/living/events/EventTarget-impl.js:104:17)\n    at HTMLUnknownElement.dispatchEvent (/home/marcelo/trybe/Projetos/projetos/frontend/sd-032-a-project-recipes-app-ts/node_modules/jsdom/lib/jsdom/living/generated/EventTarget.js:241:34)\n    at Object.invokeGuardedCallbackDev (/home/marcelo/trybe/Projetos/projetos/frontend/sd-032-a-project-recipes-app-ts/node_modules/react-dom/cjs/react-dom.development.js:4213:16)\n    at invokeGuardedCallback (/home/marcelo/trybe/Projetos/projetos/frontend/sd-032-a-project-recipes-app-ts/node_modules/react-dom/cjs/react-dom.development.js:4277:31)\n    at beginWork$1 (/home/marcelo/trybe/Projetos/projetos/frontend/sd-032-a-project-recipes-app-ts/node_modules/react-dom/cjs/react-dom.development.js:27451:7)\n    at performUnitOfWork (/home/marcelo/trybe/Projetos/projetos/frontend/sd-032-a-project-recipes-app-ts/node_modules/react-dom/cjs/react-dom.development.js:26560:12) Error: useRoutes() may be used only in the context of a <Router> component.\n    at Object.invariant [as UNSAFE_invariant] (/home/marcelo/trybe/Projetos/projetos/frontend/sd-032-a-project-recipes-app-ts/node_modules/@remix-run/router/history.ts:480:11)\n    at useRoutesImpl (/home/marcelo/trybe/Projetos/projetos/frontend/sd-032-a-project-recipes-app-ts/node_modules/react-router/lib/hooks.tsx:350:3)\n    at useRoutes (/home/marcelo/trybe/Projetos/projetos/frontend/sd-032-a-project-recipes-app-ts/node_modules/react-router/lib/hooks.tsx:341:10)\n    at Routes (/home/marcelo/trybe/Projetos/projetos/frontend/sd-032-a-project-recipes-app-ts/node_modules/react-router/lib/components.tsx:463:10)\n    at renderWithHooks (/home/marcelo/trybe/Projetos/projetos/frontend/sd-032-a-project-recipes-app-ts/node_modules/react-dom/cjs/react-dom.development.js:16305:18)\n    at mountIndeterminateComponent (/home/marcelo/trybe/Projetos/projetos/frontend/sd-032-a-project-recipes-app-ts/node_modules/react-dom/cjs/react-dom.development.js:20074:13)\n    at beginWork (/home/marcelo/trybe/Projetos/projetos/frontend/sd-032-a-project-recipes-app-ts/node_modules/react-dom/cjs/react-dom.development.js:21587:16)\n    at HTMLUnknownElement.callCallback (/home/marcelo/trybe/Projetos/projetos/frontend/sd-032-a-project-recipes-app-ts/node_modules/react-dom/cjs/react-dom.development.js:4164:14)\n    at HTMLUnknownElement.callTheUserObjectsOperation (/home/marcelo/trybe/Projetos/projetos/frontend/sd-032-a-project-recipes-app-ts/node_modules/jsdom/lib/jsdom/living/generated/EventListener.js:26:30)\n    at innerInvokeEventListeners (/home/marcelo/trybe/Projetos/projetos/frontend/sd-032-a-project-recipes-app-ts/node_modules/jsdom/lib/jsdom/living/events/EventTarget-impl.js:350:25)\nError: Uncaught [Error: useRoutes() may be used only in the context of a <Router> component.]\n    at reportException (/home/marcelo/trybe/Projetos/projetos/frontend/sd-032-a-project-recipes-app-ts/node_modules/jsdom/lib/jsdom/living/helpers/runtime-script-errors.js:66:24)\n    at innerInvokeEventListeners (/home/marcelo/trybe/Projetos/projetos/frontend/sd-032-a-project-recipes-app-ts/node_modules/jsdom/lib/jsdom/living/events/EventTarget-impl.js:353:9)\n    at invokeEventListeners (/home/marcelo/trybe/Projetos/projetos/frontend/sd-032-a-project-recipes-app-ts/node_modules/jsdom/lib/jsdom/living/events/EventTarget-impl.js:286:3)\n    at HTMLUnknownElementImpl._dispatch (/home/marcelo/trybe/Projetos/projetos/frontend/sd-032-a-project-recipes-app-ts/node_modules/jsdom/lib/jsdom/living/events/EventTarget-impl.js:233:9)\n    at HTMLUnknownElementImpl.dispatchEvent (/home/marcelo/trybe/Projetos/projetos/frontend/sd-032-a-project-recipes-app-ts/node_modules/jsdom/lib/jsdom/living/events/EventTarget-impl.js:104:17)\n    at HTMLUnknownElement.dispatchEvent (/home/marcelo/trybe/Projetos/projetos/frontend/sd-032-a-project-recipes-app-ts/node_modules/jsdom/lib/jsdom/living/generated/EventTarget.js:241:34)\n    at Object.invokeGuardedCallbackDev (/home/marcelo/trybe/Projetos/projetos/frontend/sd-032-a-project-recipes-app-ts/node_modules/react-dom/cjs/react-dom.development.js:4213:16)\n    at invokeGuardedCallback (/home/marcelo/trybe/Projetos/projetos/frontend/sd-032-a-project-recipes-app-ts/node_modules/react-dom/cjs/react-dom.development.js:4277:31)\n    at beginWork$1 (/home/marcelo/trybe/Projetos/projetos/frontend/sd-032-a-project-recipes-app-ts/node_modules/react-dom/cjs/react-dom.development.js:27451:7)\n    at performUnitOfWork (/home/marcelo/trybe/Projetos/projetos/frontend/sd-032-a-project-recipes-app-ts/node_modules/react-dom/cjs/react-dom.development.js:26560:12) Error: useRoutes() may be used only in the context of a <Router> component.\n    at Object.invariant [as UNSAFE_invariant] (/home/marcelo/trybe/Projetos/projetos/frontend/sd-032-a-project-recipes-app-ts/node_modules/@remix-run/router/history.ts:480:11)\n    at useRoutesImpl (/home/marcelo/trybe/Projetos/projetos/frontend/sd-032-a-project-recipes-app-ts/node_modules/react-router/lib/hooks.tsx:350:3)\n    at useRoutes (/home/marcelo/trybe/Projetos/projetos/frontend/sd-032-a-project-recipes-app-ts/node_modules/react-router/lib/hooks.tsx:341:10)\n    at Routes (/home/marcelo/trybe/Projetos/projetos/frontend/sd-032-a-project-recipes-app-ts/node_modules/react-router/lib/components.tsx:463:10)\n    at renderWithHooks (/home/marcelo/trybe/Projetos/projetos/frontend/sd-032-a-project-recipes-app-ts/node_modules/react-dom/cjs/react-dom.development.js:16305:18)\n    at mountIndeterminateComponent (/home/marcelo/trybe/Projetos/projetos/frontend/sd-032-a-project-recipes-app-ts/node_modules/react-dom/cjs/react-dom.development.js:20074:13)\n    at beginWork (/home/marcelo/trybe/Projetos/projetos/frontend/sd-032-a-project-recipes-app-ts/node_modules/react-dom/cjs/react-dom.development.js:21587:16)\n    at HTMLUnknownElement.callCallback (/home/marcelo/trybe/Projetos/projetos/frontend/sd-032-a-project-recipes-app-ts/node_modules/react-dom/cjs/react-dom.development.js:4164:14)\n    at HTMLUnknownElement.callTheUserObjectsOperation (/home/marcelo/trybe/Projetos/projetos/frontend/sd-032-a-project-recipes-app-ts/node_modules/jsdom/lib/jsdom/living/generated/EventListener.js:26:30)\n    at innerInvokeEventListeners (/home/marcelo/trybe/Projetos/projetos/frontend/sd-032-a-project-recipes-app-ts/node_modules/jsdom/lib/jsdom/living/events/EventTarget-impl.js:350:25)\nThe above error occurred in the <Routes> component:\n\n    at Routes (/home/marcelo/trybe/Projetos/projetos/frontend/sd-032-a-project-recipes-app-ts/node_modules/react-router/dist/umd/react-router.development.js:1147:7)\n    at App\n\nConsider adding an error boundary to your tree to customize error handling behavior.\nVisit https://reactjs.org/link/error-boundaries to learn more about error boundaries.\n\n⎯⎯⎯⎯⎯⎯⎯ Failed Tests 1 ⎯⎯⎯⎯⎯⎯⎯\n\n FAIL  src/tests/App.test.tsx > Farewell, front-end\nError: useRoutes() may be used only in the context of a <Router> component.\n ❯ Object.invariant [as UNSAFE_invariant] node_modules/@remix-run/router/history.ts:480:11\n ❯ useRoutesImpl node_modules/react-router/lib/hooks.tsx:350:3\n ❯ useRoutes node_modules/react-router/lib/hooks.tsx:341:10\n ❯ Routes node_modules/react-router/lib/components.tsx:463:10\n ❯ renderWithHooks node_modules/react-dom/cjs/react-dom.development.js:16305:18\n ❯ mountIndeterminateComponent node_modules/react-dom/cjs/react-dom.development.js:20074:13\n ❯ beginWork node_modules/react-dom/cjs/react-dom.development.js:21587:16\n ❯ beginWork$1 node_modules/react-dom/cjs/react-dom.development.js:27426:14\n ❯ performUnitOfWork node_modules/react-dom/cjs/react-dom.development.js:26560:12\n ❯ workLoopSync node_modules/react-dom/cjs/react-dom.development.js:26466:5\n\n⎯⎯⎯⎯⎯⎯⎯⎯⎯⎯⎯⎯⎯⎯⎯⎯⎯⎯⎯⎯⎯⎯⎯⎯[1/1]⎯\n\nhttps://on.cypress.io/api/task",
                "estack": "CypressError: `cy.task('getCoverage')` failed with the following error:\n\n> Command failed: npm run cy-coverage ./src\nstderr | src/tests/App.test.tsx > Farewell, front-end\nError: Uncaught [Error: useRoutes() may be used only in the context of a <Router> component.]\n    at reportException (/home/marcelo/trybe/Projetos/projetos/frontend/sd-032-a-project-recipes-app-ts/node_modules/jsdom/lib/jsdom/living/helpers/runtime-script-errors.js:66:24)\n    at innerInvokeEventListeners (/home/marcelo/trybe/Projetos/projetos/frontend/sd-032-a-project-recipes-app-ts/node_modules/jsdom/lib/jsdom/living/events/EventTarget-impl.js:353:9)\n    at invokeEventListeners (/home/marcelo/trybe/Projetos/projetos/frontend/sd-032-a-project-recipes-app-ts/node_modules/jsdom/lib/jsdom/living/events/EventTarget-impl.js:286:3)\n    at HTMLUnknownElementImpl._dispatch (/home/marcelo/trybe/Projetos/projetos/frontend/sd-032-a-project-recipes-app-ts/node_modules/jsdom/lib/jsdom/living/events/EventTarget-impl.js:233:9)\n    at HTMLUnknownElementImpl.dispatchEvent (/home/marcelo/trybe/Projetos/projetos/frontend/sd-032-a-project-recipes-app-ts/node_modules/jsdom/lib/jsdom/living/events/EventTarget-impl.js:104:17)\n    at HTMLUnknownElement.dispatchEvent (/home/marcelo/trybe/Projetos/projetos/frontend/sd-032-a-project-recipes-app-ts/node_modules/jsdom/lib/jsdom/living/generated/EventTarget.js:241:34)\n    at Object.invokeGuardedCallbackDev (/home/marcelo/trybe/Projetos/projetos/frontend/sd-032-a-project-recipes-app-ts/node_modules/react-dom/cjs/react-dom.development.js:4213:16)\n    at invokeGuardedCallback (/home/marcelo/trybe/Projetos/projetos/frontend/sd-032-a-project-recipes-app-ts/node_modules/react-dom/cjs/react-dom.development.js:4277:31)\n    at beginWork$1 (/home/marcelo/trybe/Projetos/projetos/frontend/sd-032-a-project-recipes-app-ts/node_modules/react-dom/cjs/react-dom.development.js:27451:7)\n    at performUnitOfWork (/home/marcelo/trybe/Projetos/projetos/frontend/sd-032-a-project-recipes-app-ts/node_modules/react-dom/cjs/react-dom.development.js:26560:12) Error: useRoutes() may be used only in the context of a <Router> component.\n    at Object.invariant [as UNSAFE_invariant] (/home/marcelo/trybe/Projetos/projetos/frontend/sd-032-a-project-recipes-app-ts/node_modules/@remix-run/router/history.ts:480:11)\n    at useRoutesImpl (/home/marcelo/trybe/Projetos/projetos/frontend/sd-032-a-project-recipes-app-ts/node_modules/react-router/lib/hooks.tsx:350:3)\n    at useRoutes (/home/marcelo/trybe/Projetos/projetos/frontend/sd-032-a-project-recipes-app-ts/node_modules/react-router/lib/hooks.tsx:341:10)\n    at Routes (/home/marcelo/trybe/Projetos/projetos/frontend/sd-032-a-project-recipes-app-ts/node_modules/react-router/lib/components.tsx:463:10)\n    at renderWithHooks (/home/marcelo/trybe/Projetos/projetos/frontend/sd-032-a-project-recipes-app-ts/node_modules/react-dom/cjs/react-dom.development.js:16305:18)\n    at mountIndeterminateComponent (/home/marcelo/trybe/Projetos/projetos/frontend/sd-032-a-project-recipes-app-ts/node_modules/react-dom/cjs/react-dom.development.js:20074:13)\n    at beginWork (/home/marcelo/trybe/Projetos/projetos/frontend/sd-032-a-project-recipes-app-ts/node_modules/react-dom/cjs/react-dom.development.js:21587:16)\n    at HTMLUnknownElement.callCallback (/home/marcelo/trybe/Projetos/projetos/frontend/sd-032-a-project-recipes-app-ts/node_modules/react-dom/cjs/react-dom.development.js:4164:14)\n    at HTMLUnknownElement.callTheUserObjectsOperation (/home/marcelo/trybe/Projetos/projetos/frontend/sd-032-a-project-recipes-app-ts/node_modules/jsdom/lib/jsdom/living/generated/EventListener.js:26:30)\n    at innerInvokeEventListeners (/home/marcelo/trybe/Projetos/projetos/frontend/sd-032-a-project-recipes-app-ts/node_modules/jsdom/lib/jsdom/living/events/EventTarget-impl.js:350:25)\nError: Uncaught [Error: useRoutes() may be used only in the context of a <Router> component.]\n    at reportException (/home/marcelo/trybe/Projetos/projetos/frontend/sd-032-a-project-recipes-app-ts/node_modules/jsdom/lib/jsdom/living/helpers/runtime-script-errors.js:66:24)\n    at innerInvokeEventListeners (/home/marcelo/trybe/Projetos/projetos/frontend/sd-032-a-project-recipes-app-ts/node_modules/jsdom/lib/jsdom/living/events/EventTarget-impl.js:353:9)\n    at invokeEventListeners (/home/marcelo/trybe/Projetos/projetos/frontend/sd-032-a-project-recipes-app-ts/node_modules/jsdom/lib/jsdom/living/events/EventTarget-impl.js:286:3)\n    at HTMLUnknownElementImpl._dispatch (/home/marcelo/trybe/Projetos/projetos/frontend/sd-032-a-project-recipes-app-ts/node_modules/jsdom/lib/jsdom/living/events/EventTarget-impl.js:233:9)\n    at HTMLUnknownElementImpl.dispatchEvent (/home/marcelo/trybe/Projetos/projetos/frontend/sd-032-a-project-recipes-app-ts/node_modules/jsdom/lib/jsdom/living/events/EventTarget-impl.js:104:17)\n    at HTMLUnknownElement.dispatchEvent (/home/marcelo/trybe/Projetos/projetos/frontend/sd-032-a-project-recipes-app-ts/node_modules/jsdom/lib/jsdom/living/generated/EventTarget.js:241:34)\n    at Object.invokeGuardedCallbackDev (/home/marcelo/trybe/Projetos/projetos/frontend/sd-032-a-project-recipes-app-ts/node_modules/react-dom/cjs/react-dom.development.js:4213:16)\n    at invokeGuardedCallback (/home/marcelo/trybe/Projetos/projetos/frontend/sd-032-a-project-recipes-app-ts/node_modules/react-dom/cjs/react-dom.development.js:4277:31)\n    at beginWork$1 (/home/marcelo/trybe/Projetos/projetos/frontend/sd-032-a-project-recipes-app-ts/node_modules/react-dom/cjs/react-dom.development.js:27451:7)\n    at performUnitOfWork (/home/marcelo/trybe/Projetos/projetos/frontend/sd-032-a-project-recipes-app-ts/node_modules/react-dom/cjs/react-dom.development.js:26560:12) Error: useRoutes() may be used only in the context of a <Router> component.\n    at Object.invariant [as UNSAFE_invariant] (/home/marcelo/trybe/Projetos/projetos/frontend/sd-032-a-project-recipes-app-ts/node_modules/@remix-run/router/history.ts:480:11)\n    at useRoutesImpl (/home/marcelo/trybe/Projetos/projetos/frontend/sd-032-a-project-recipes-app-ts/node_modules/react-router/lib/hooks.tsx:350:3)\n    at useRoutes (/home/marcelo/trybe/Projetos/projetos/frontend/sd-032-a-project-recipes-app-ts/node_modules/react-router/lib/hooks.tsx:341:10)\n    at Routes (/home/marcelo/trybe/Projetos/projetos/frontend/sd-032-a-project-recipes-app-ts/node_modules/react-router/lib/components.tsx:463:10)\n    at renderWithHooks (/home/marcelo/trybe/Projetos/projetos/frontend/sd-032-a-project-recipes-app-ts/node_modules/react-dom/cjs/react-dom.development.js:16305:18)\n    at mountIndeterminateComponent (/home/marcelo/trybe/Projetos/projetos/frontend/sd-032-a-project-recipes-app-ts/node_modules/react-dom/cjs/react-dom.development.js:20074:13)\n    at beginWork (/home/marcelo/trybe/Projetos/projetos/frontend/sd-032-a-project-recipes-app-ts/node_modules/react-dom/cjs/react-dom.development.js:21587:16)\n    at HTMLUnknownElement.callCallback (/home/marcelo/trybe/Projetos/projetos/frontend/sd-032-a-project-recipes-app-ts/node_modules/react-dom/cjs/react-dom.development.js:4164:14)\n    at HTMLUnknownElement.callTheUserObjectsOperation (/home/marcelo/trybe/Projetos/projetos/frontend/sd-032-a-project-recipes-app-ts/node_modules/jsdom/lib/jsdom/living/generated/EventListener.js:26:30)\n    at innerInvokeEventListeners (/home/marcelo/trybe/Projetos/projetos/frontend/sd-032-a-project-recipes-app-ts/node_modules/jsdom/lib/jsdom/living/events/EventTarget-impl.js:350:25)\nThe above error occurred in the <Routes> component:\n\n    at Routes (/home/marcelo/trybe/Projetos/projetos/frontend/sd-032-a-project-recipes-app-ts/node_modules/react-router/dist/umd/react-router.development.js:1147:7)\n    at App\n\nConsider adding an error boundary to your tree to customize error handling behavior.\nVisit https://reactjs.org/link/error-boundaries to learn more about error boundaries.\n\n⎯⎯⎯⎯⎯⎯⎯ Failed Tests 1 ⎯⎯⎯⎯⎯⎯⎯\n\n FAIL  src/tests/App.test.tsx > Farewell, front-end\nError: useRoutes() may be used only in the context of a <Router> component.\n ❯ Object.invariant [as UNSAFE_invariant] node_modules/@remix-run/router/history.ts:480:11\n ❯ useRoutesImpl node_modules/react-router/lib/hooks.tsx:350:3\n ❯ useRoutes node_modules/react-router/lib/hooks.tsx:341:10\n ❯ Routes node_modules/react-router/lib/components.tsx:463:10\n ❯ renderWithHooks node_modules/react-dom/cjs/react-dom.development.js:16305:18\n ❯ mountIndeterminateComponent node_modules/react-dom/cjs/react-dom.development.js:20074:13\n ❯ beginWork node_modules/react-dom/cjs/react-dom.development.js:21587:16\n ❯ beginWork$1 node_modules/react-dom/cjs/react-dom.development.js:27426:14\n ❯ performUnitOfWork node_modules/react-dom/cjs/react-dom.development.js:26560:12\n ❯ workLoopSync node_modules/react-dom/cjs/react-dom.development.js:26466:5\n\n⎯⎯⎯⎯⎯⎯⎯⎯⎯⎯⎯⎯⎯⎯⎯⎯⎯⎯⎯⎯⎯⎯⎯⎯[1/1]⎯\n\nhttps://on.cypress.io/api/task\n    at <unknown> (http://localhost:3000/__cypress/runner/cypress_runner.js:145912:78)\n    at tryCatcher (http://localhost:3000/__cypress/runner/cypress_runner.js:11318:23)\n    at Promise._settlePromiseFromHandler (http://localhost:3000/__cypress/runner/cypress_runner.js:9253:31)\n    at Promise._settlePromise (http://localhost:3000/__cypress/runner/cypress_runner.js:9310:18)\n    at Promise._settlePromise0 (http://localhost:3000/__cypress/runner/cypress_runner.js:9355:10)\n    at Promise._settlePromises (http://localhost:3000/__cypress/runner/cypress_runner.js:9431:18)\n    at _drainQueueStep (http://localhost:3000/__cypress/runner/cypress_runner.js:6025:12)\n    at _drainQueue (http://localhost:3000/__cypress/runner/cypress_runner.js:6018:9)\n    at ../../node_modules/bluebird/js/release/async.js.Async._drainQueues (http://localhost:3000/__cypress/runner/cypress_runner.js:6034:5)\n    at Async.drainQueues (http://localhost:3000/__cypress/runner/cypress_runner.js:5904:14)\nFrom Your Spec Code:\n    at Context.eval (webpack:///./cypress/support/commands.js:26:45)\n\nFrom Node.js Internals:\n  Error: Command failed: npm run cy-coverage ./src\n  stderr | src/tests/App.test.tsx > Farewell, front-end\n  Error: Uncaught [Error: useRoutes() may be used only in the context of a <Router> component.]\n      at reportException (/home/marcelo/trybe/Projetos/projetos/frontend/sd-032-a-project-recipes-app-ts/node_modules/jsdom/lib/jsdom/living/helpers/runtime-script-errors.js:66:24)\n      at innerInvokeEventListeners (/home/marcelo/trybe/Projetos/projetos/frontend/sd-032-a-project-recipes-app-ts/node_modules/jsdom/lib/jsdom/living/events/EventTarget-impl.js:353:9)\n      at invokeEventListeners (/home/marcelo/trybe/Projetos/projetos/frontend/sd-032-a-project-recipes-app-ts/node_modules/jsdom/lib/jsdom/living/events/EventTarget-impl.js:286:3)\n      at HTMLUnknownElementImpl._dispatch (/home/marcelo/trybe/Projetos/projetos/frontend/sd-032-a-project-recipes-app-ts/node_modules/jsdom/lib/jsdom/living/events/EventTarget-impl.js:233:9)\n      at HTMLUnknownElementImpl.dispatchEvent (/home/marcelo/trybe/Projetos/projetos/frontend/sd-032-a-project-recipes-app-ts/node_modules/jsdom/lib/jsdom/living/events/EventTarget-impl.js:104:17)\n      at HTMLUnknownElement.dispatchEvent (/home/marcelo/trybe/Projetos/projetos/frontend/sd-032-a-project-recipes-app-ts/node_modules/jsdom/lib/jsdom/living/generated/EventTarget.js:241:34)\n      at Object.invokeGuardedCallbackDev (/home/marcelo/trybe/Projetos/projetos/frontend/sd-032-a-project-recipes-app-ts/node_modules/react-dom/cjs/react-dom.development.js:4213:16)\n      at invokeGuardedCallback (/home/marcelo/trybe/Projetos/projetos/frontend/sd-032-a-project-recipes-app-ts/node_modules/react-dom/cjs/react-dom.development.js:4277:31)\n      at beginWork$1 (/home/marcelo/trybe/Projetos/projetos/frontend/sd-032-a-project-recipes-app-ts/node_modules/react-dom/cjs/react-dom.development.js:27451:7)\n  at performUnitOfWork (/home/marcelo/trybe/Projetos/projetos/frontend/sd-032-a-project-recipes-app-ts/node_modules/react-dom/cjs/react-dom.development.js:26560:12) Error: useRoutes() may be used only in the context of a <Router> component.\n  at Object.invariant [as UNSAFE_invariant] (/home/marcelo/trybe/Projetos/projetos/frontend/sd-032-a-project-recipes-app-ts/node_modules/@remix-run/router/history.ts:480:11)\n  at useRoutesImpl (/home/marcelo/trybe/Projetos/projetos/frontend/sd-032-a-project-recipes-app-ts/node_modules/react-router/lib/hooks.tsx:350:3)\n  at useRoutes (/home/marcelo/trybe/Projetos/projetos/frontend/sd-032-a-project-recipes-app-ts/node_modules/react-router/lib/hooks.tsx:341:10)\n  at Routes (/home/marcelo/trybe/Projetos/projetos/frontend/sd-032-a-project-recipes-app-ts/node_modules/react-router/lib/components.tsx:463:10)\n  at renderWithHooks (/home/marcelo/trybe/Projetos/projetos/frontend/sd-032-a-project-recipes-app-ts/node_modules/react-dom/cjs/react-dom.development.js:16305:18)\n  at mountIndeterminateComponent (/home/marcelo/trybe/Projetos/projetos/frontend/sd-032-a-project-recipes-app-ts/node_modules/react-dom/cjs/react-dom.development.js:20074:13)\n  at beginWork (/home/marcelo/trybe/Projetos/projetos/frontend/sd-032-a-project-recipes-app-ts/node_modules/react-dom/cjs/react-dom.development.js:21587:16)\n  at HTMLUnknownElement.callCallback (/home/marcelo/trybe/Projetos/projetos/frontend/sd-032-a-project-recipes-app-ts/node_modules/react-dom/cjs/react-dom.development.js:4164:14)\n  at HTMLUnknownElement.callTheUserObjectsOperation (/home/marcelo/trybe/Projetos/projetos/frontend/sd-032-a-project-recipes-app-ts/node_modules/jsdom/lib/jsdom/living/generated/EventListener.js:26:30)\n  at innerInvokeEventListeners (/home/marcelo/trybe/Projetos/projetos/frontend/sd-032-a-project-recipes-app-ts/node_modules/jsdom/lib/jsdom/living/events/EventTarget-impl.js:350:25)\n  Error: Uncaught [Error: useRoutes() may be used only in the context of a <Router> component.]\n      at reportException (/home/marcelo/trybe/Projetos/projetos/frontend/sd-032-a-project-recipes-app-ts/node_modules/jsdom/lib/jsdom/living/helpers/runtime-script-errors.js:66:24)\n      at innerInvokeEventListeners (/home/marcelo/trybe/Projetos/projetos/frontend/sd-032-a-project-recipes-app-ts/node_modules/jsdom/lib/jsdom/living/events/EventTarget-impl.js:353:9)\n      at invokeEventListeners (/home/marcelo/trybe/Projetos/projetos/frontend/sd-032-a-project-recipes-app-ts/node_modules/jsdom/lib/jsdom/living/events/EventTarget-impl.js:286:3)\n      at HTMLUnknownElementImpl._dispatch (/home/marcelo/trybe/Projetos/projetos/frontend/sd-032-a-project-recipes-app-ts/node_modules/jsdom/lib/jsdom/living/events/EventTarget-impl.js:233:9)\n      at HTMLUnknownElementImpl.dispatchEvent (/home/marcelo/trybe/Projetos/projetos/frontend/sd-032-a-project-recipes-app-ts/node_modules/jsdom/lib/jsdom/living/events/EventTarget-impl.js:104:17)\n      at HTMLUnknownElement.dispatchEvent (/home/marcelo/trybe/Projetos/projetos/frontend/sd-032-a-project-recipes-app-ts/node_modules/jsdom/lib/jsdom/living/generated/EventTarget.js:241:34)\n      at Object.invokeGuardedCallbackDev (/home/marcelo/trybe/Projetos/projetos/frontend/sd-032-a-project-recipes-app-ts/node_modules/react-dom/cjs/react-dom.development.js:4213:16)\n      at invokeGuardedCallback (/home/marcelo/trybe/Projetos/projetos/frontend/sd-032-a-project-recipes-app-ts/node_modules/react-dom/cjs/react-dom.development.js:4277:31)\n      at beginWork$1 (/home/marcelo/trybe/Projetos/projetos/frontend/sd-032-a-project-recipes-app-ts/node_modules/react-dom/cjs/react-dom.development.js:27451:7)\n  at performUnitOfWork (/home/marcelo/trybe/Projetos/projetos/frontend/sd-032-a-project-recipes-app-ts/node_modules/react-dom/cjs/react-dom.development.js:26560:12) Error: useRoutes() may be used only in the context of a <Router> component.\n  at Object.invariant [as UNSAFE_invariant] (/home/marcelo/trybe/Projetos/projetos/frontend/sd-032-a-project-recipes-app-ts/node_modules/@remix-run/router/history.ts:480:11)\n  at useRoutesImpl (/home/marcelo/trybe/Projetos/projetos/frontend/sd-032-a-project-recipes-app-ts/node_modules/react-router/lib/hooks.tsx:350:3)\n  at useRoutes (/home/marcelo/trybe/Projetos/projetos/frontend/sd-032-a-project-recipes-app-ts/node_modules/react-router/lib/hooks.tsx:341:10)\n  at Routes (/home/marcelo/trybe/Projetos/projetos/frontend/sd-032-a-project-recipes-app-ts/node_modules/react-router/lib/components.tsx:463:10)\n  at renderWithHooks (/home/marcelo/trybe/Projetos/projetos/frontend/sd-032-a-project-recipes-app-ts/node_modules/react-dom/cjs/react-dom.development.js:16305:18)\n  at mountIndeterminateComponent (/home/marcelo/trybe/Projetos/projetos/frontend/sd-032-a-project-recipes-app-ts/node_modules/react-dom/cjs/react-dom.development.js:20074:13)\n  at beginWork (/home/marcelo/trybe/Projetos/projetos/frontend/sd-032-a-project-recipes-app-ts/node_modules/react-dom/cjs/react-dom.development.js:21587:16)\n  at HTMLUnknownElement.callCallback (/home/marcelo/trybe/Projetos/projetos/frontend/sd-032-a-project-recipes-app-ts/node_modules/react-dom/cjs/react-dom.development.js:4164:14)\n  at HTMLUnknownElement.callTheUserObjectsOperation (/home/marcelo/trybe/Projetos/projetos/frontend/sd-032-a-project-recipes-app-ts/node_modules/jsdom/lib/jsdom/living/generated/EventListener.js:26:30)\n  at innerInvokeEventListeners (/home/marcelo/trybe/Projetos/projetos/frontend/sd-032-a-project-recipes-app-ts/node_modules/jsdom/lib/jsdom/living/events/EventTarget-impl.js:350:25)\n  The above error occurred in the <Routes> component:\n  \n      at Routes (/home/marcelo/trybe/Projetos/projetos/frontend/sd-032-a-project-recipes-app-ts/node_modules/react-router/dist/umd/react-router.development.js:1147:7)\n  at App\n  \n  Consider adding an error boundary to your tree to customize error handling behavior.\n  Visit https://reactjs.org/link/error-boundaries to learn more about error boundaries.\n  \n  ⎯⎯⎯⎯⎯⎯⎯ Failed Tests 1 ⎯⎯⎯⎯⎯⎯⎯\n  \n   FAIL  src/tests/App.test.tsx > Farewell, front-end\n  Error: useRoutes() may be used only in the context of a <Router> component.\n   ❯ Object.invariant [as UNSAFE_invariant] node_modules/@remix-run/router/history.ts:480:11\n   ❯ useRoutesImpl node_modules/react-router/lib/hooks.tsx:350:3\n   ❯ useRoutes node_modules/react-router/lib/hooks.tsx:341:10\n   ❯ Routes node_modules/react-router/lib/components.tsx:463:10\n   ❯ renderWithHooks node_modules/react-dom/cjs/react-dom.development.js:16305:18\n   ❯ mountIndeterminateComponent node_modules/react-dom/cjs/react-dom.development.js:20074:13\n   ❯ beginWork node_modules/react-dom/cjs/react-dom.development.js:21587:16\n   ❯ beginWork$1 node_modules/react-dom/cjs/react-dom.development.js:27426:14\n   ❯ performUnitOfWork node_modules/react-dom/cjs/react-dom.development.js:26560:12\n   ❯ workLoopSync node_modules/react-dom/cjs/react-dom.development.js:26466:5\n  \n  ⎯⎯⎯⎯⎯⎯⎯⎯⎯⎯⎯⎯⎯⎯⎯⎯⎯⎯⎯⎯⎯⎯⎯⎯[1/1]⎯\n  \n  \n      at ChildProcess.exithandler (node:child_process:419:12)\n      at ChildProcess.emit (node:events:513:28)\n      at ChildProcess.emit (node:domain:489:12)\n      at maybeClose (node:internal/child_process:1091:16)\n      at Process.ChildProcess._handle.onexit (node:internal/child_process:302:5)",
                "diff": null
              },
              "uuid": "63f92ff6-97f6-4efb-95bd-644dda91e218",
              "parentUUID": "f9d8f634-57ac-468f-bdf5-ce51d3446c33",
              "isHook": false,
              "skipped": false
            }
          ],
          "suites": [],
          "passes": [
            "baa63cdd-c84e-4c06-9a90-8a9d6a8260c0",
            "6f69cf7d-dac7-4d3f-ae23-a1ad726becd0"
          ],
          "failures": [
            "63f92ff6-97f6-4efb-95bd-644dda91e218"
          ],
          "pending": [],
          "skipped": [],
          "duration": 12832,
          "root": false,
          "rootEmpty": false,
          "_timeout": 2000
        }
      ],
      "passes": [],
      "failures": [],
      "pending": [],
      "skipped": [],
      "duration": 0,
      "root": true,
      "rootEmpty": true,
      "_timeout": 2000
    }
  ],
  "meta": {
    "mocha": {
      "version": "7.0.1"
    },
    "mochawesome": {
      "options": {
        "quiet": false,
        "reportFilename": "mochawesome",
        "saveHtml": false,
        "saveJson": true,
        "consoleReporter": "spec",
        "useInlineDiffs": false,
        "code": true
      },
      "version": "7.1.3"
    },
    "marge": {
      "options": {
        "id": "default",
        "reportDir": "cypress/reports",
        "overwrite": false,
        "html": false,
        "json": true
      },
      "version": "6.2.0"
    }
  }
}